# dataset3
# 表示を変えただけ

I1115 12:38:55.973232 47731628636864 file_utils.py:41] PyTorch version 1.5.0+cu92 available.
I1115 12:39:21.478846 47731628636864 tokenization_utils.py:501] loading file https://s3.amazonaws.com/models.huggingface.co/bert/bert-base-uncased-vocab.txt from cache at /home/u00461/.cache/torch/transformers/26bc1ad6c0ac742e9b52263248f6d0f00068293b33709fae12320c0e35ccfbbb.542ce4285a40d23a559526243235df47c5f75c197f04f37d1a0c124c32c9a084
I1115 12:39:36.163458 47731628636864 configuration_utils.py:256] loading configuration file https://s3.amazonaws.com/models.huggingface.co/bert/bert-base-uncased-config.json from cache at /home/u00461/.cache/torch/transformers/4dad0251492946e18ac39290fcfe91b89d370fee250efe9521476438fe8ca185.7156163d5fdc189c3016baca0775ffce230789d7fa2a42ef516483e4ca884517
I1115 12:39:36.165950 47731628636864 configuration_utils.py:292] Model config BertConfig {
  "architectures": [
    "BertForMaskedLM"
  ],
  "attention_probs_dropout_prob": 0.1,
  "bos_token_id": null,
  "do_sample": false,
  "eos_token_ids": null,
  "finetuning_task": null,
  "hidden_act": "gelu",
  "hidden_dropout_prob": 0.1,
  "hidden_size": 768,
  "id2label": {
    "0": "LABEL_0",
    "1": "LABEL_1"
  },
  "initializer_range": 0.02,
  "intermediate_size": 3072,
  "is_decoder": false,
  "label2id": {
    "LABEL_0": 0,
    "LABEL_1": 1
  },
  "layer_norm_eps": 1e-12,
  "length_penalty": 1.0,
  "max_length": 20,
  "max_position_embeddings": 512,
  "model_type": "bert",
  "num_attention_heads": 12,
  "num_beams": 1,
  "num_hidden_layers": 12,
  "num_labels": 7,
  "num_return_sequences": 1,
  "output_attentions": false,
  "output_hidden_states": false,
  "output_past": true,
  "pad_token_id": 0,
  "pruned_heads": {},
  "repetition_penalty": 1.0,
  "temperature": 1.0,
  "top_k": 50,
  "top_p": 1.0,
  "torchscript": false,
  "type_vocab_size": 2,
  "use_bfloat16": false,
  "vocab_size": 30522
}

I1115 12:39:36.904062 47731628636864 modeling_utils.py:461] loading weights file https://s3.amazonaws.com/models.huggingface.co/bert/bert-base-uncased-pytorch_model.bin from cache at /home/u00461/.cache/torch/transformers/aa1ef1aede4482d0dbcd4d52baad8ae300e60902e88fcb0bebdec09afd232066.36ca03ab34a1a5d5fa7bc3d03d55c4fa650fed07220e2eeebc06ce58d0e9a157
I1115 12:39:41.356961 47731628636864 modeling_utils.py:546] Weights of BertForSequenceClassification not initialized from pretrained model: ['classifier.bias', 'classifier.weight']
I1115 12:39:41.357270 47731628636864 modeling_utils.py:552] Weights from pretrained model not used in BertForSequenceClassification: ['cls.predictions.bias', 'cls.predictions.transform.dense.weight', 'cls.predictions.transform.dense.bias', 'cls.predictions.decoder.weight', 'cls.seq_relationship.weight', 'cls.seq_relationship.bias', 'cls.predictions.transform.LayerNorm.weight', 'cls.predictions.transform.LayerNorm.bias']
/pytorch/torch/csrc/utils/python_arg_parser.cpp:756: UserWarning: This overload of add_ is deprecated:
	add_(Number alpha, Tensor other)
Consider using one of the following signatures instead:
	add_(Tensor other, *, Number alpha)
I1115 12:46:55.740339 47731628636864 configuration_utils.py:118] Configuration saved in working/model/config.json
I1115 12:46:56.603979 47731628636864 modeling_utils.py:298] Model weights saved in working/model/pytorch_model.bin
/home/u00461/.local/lib/python3.5/site-packages/sklearn/metrics/_classification.py:1272: UndefinedMetricWarning: Precision and F-score are ill-defined and being set to 0.0 in labels with no predicted samples. Use `zero_division` parameter to control this behavior.
  _warn_prf(average, modifier, msg_start, len(result))
/home/u00461/.local/lib/python3.5/site-packages/sklearn/metrics/_classification.py:1272: UndefinedMetricWarning: Recall and F-score are ill-defined and being set to 0.0 in labels with no true samples. Use `zero_division` parameter to control this behavior.
  _warn_prf(average, modifier, msg_start, len(result))
I1115 12:54:19.746025 47731628636864 configuration_utils.py:118] Configuration saved in working/model/config.json
I1115 12:54:20.475233 47731628636864 modeling_utils.py:298] Model weights saved in working/model/pytorch_model.bin
I1115 13:01:43.345581 47731628636864 configuration_utils.py:118] Configuration saved in working/model/config.json
I1115 13:01:44.488188 47731628636864 modeling_utils.py:298] Model weights saved in working/model/pytorch_model.bin
HBox(children=(HTML(value='Epoch'), FloatProgress(value=0.0, max=3.0), HTML(value='')))
<======================Epoch {_} ======================>

	Current Learning rate:  1.3333333333333333e-05

	Average Training loss:  0.4520670290453677

	Validation Accuracy:  0.9345005580357143

	Validation MCC Accuracy:  0.915978945264565
              precision    recall  f1-score   support

       anger   1.000000  1.000000  1.000000         2
        fear   0.333333  1.000000  0.500000         1
         joy   1.000000  1.000000  1.000000         1
        love   0.000000  0.000000  0.000000         0
     neutral   0.000000  0.000000  0.000000         0
     sadness   1.000000  1.000000  1.000000         1
    surprise   0.000000  0.000000  0.000000         2

   micro avg   0.714286  0.714286  0.714286         7
   macro avg   0.476190  0.571429  0.500000         7
weighted avg   0.619048  0.714286  0.642857         7

<======================Epoch {_} ======================>

	Current Learning rate:  6.666666666666667e-06

	Average Training loss:  0.12495995417027775

	Validation Accuracy:  0.93701171875

	Validation MCC Accuracy:  0.9187159486941725
              precision    recall  f1-score   support

       anger   1.000000  1.000000  1.000000         2
        fear   1.000000  1.000000  1.000000         1
         joy   0.000000  0.000000  0.000000         0
        love   0.000000  0.000000  0.000000         0
     neutral   0.000000  0.000000  0.000000         0
     sadness   1.000000  1.000000  1.000000         2
    surprise   1.000000  1.000000  1.000000         2

   micro avg   1.000000  1.000000  1.000000         7
   macro avg   0.571429  0.571429  0.571429         7
weighted avg   1.000000  1.000000  1.000000         7

<======================Epoch {_} ======================>

	Current Learning rate:  0.0

	Average Training loss:  0.0834128340028606

	Validation Accuracy:  0.9453125

	Validation MCC Accuracy:  0.9287271511153847
              precision    recall  f1-score   support

       anger   1.000000  1.000000  1.000000         1
        fear   1.000000  1.000000  1.000000         2
         joy   1.000000  1.000000  1.000000         1
        love   0.000000  0.000000  0.000000         0
     neutral   0.000000  0.000000  0.000000         0
     sadness   1.000000  1.000000  1.000000         3
    surprise   0.000000  0.000000  0.000000         0

   micro avg   1.000000  1.000000  1.000000         7
   macro avg   0.571429  0.571429  0.571429         7
weighted avg   1.000000  1.000000  1.000000         7


finish!
