# using bert-large-uncased
# CUDA out of memory.

1115 13:05:49.583644 47715480541888 file_utils.py:41] PyTorch version 1.5.0+cu92 available.
I1115 13:06:13.858354 47715480541888 filelock.py:274] Lock 47717258014672 acquired on /home/u00461/.cache/torch/transformers/9b3c03a36e83b13d5ba95ac965c9f9074a99e14340c523ab405703179e79fc46.542ce4285a40d23a559526243235df47c5f75c197f04f37d1a0c124c32c9a084.lock
I1115 13:06:13.860814 47715480541888 file_utils.py:479] https://s3.amazonaws.com/models.huggingface.co/bert/bert-large-uncased-vocab.txt not found in cache or force_download set to True, downloading to /home/u00461/.cache/torch/transformers/tmp1vppd8dy

Downloading:   0%|          | 0.00/232k [00:00<?, ?B/s]
Downloading:   0%|          | 1.02k/232k [00:00<00:38, 6.03kB/s]
Downloading:  15%|█▌        | 34.8k/232k [00:00<00:23, 8.50kB/s]
Downloading:  45%|████▌     | 104k/232k [00:00<00:10, 12.0kB/s] 
Downloading: 100%|██████████| 232k/232k [00:00<00:00, 443kB/s] 
I1115 13:06:15.152923 47715480541888 file_utils.py:489] storing https://s3.amazonaws.com/models.huggingface.co/bert/bert-large-uncased-vocab.txt in cache at /home/u00461/.cache/torch/transformers/9b3c03a36e83b13d5ba95ac965c9f9074a99e14340c523ab405703179e79fc46.542ce4285a40d23a559526243235df47c5f75c197f04f37d1a0c124c32c9a084
I1115 13:06:15.153634 47715480541888 file_utils.py:492] creating metadata file for /home/u00461/.cache/torch/transformers/9b3c03a36e83b13d5ba95ac965c9f9074a99e14340c523ab405703179e79fc46.542ce4285a40d23a559526243235df47c5f75c197f04f37d1a0c124c32c9a084
I1115 13:06:15.156777 47715480541888 filelock.py:318] Lock 47717258014672 released on /home/u00461/.cache/torch/transformers/9b3c03a36e83b13d5ba95ac965c9f9074a99e14340c523ab405703179e79fc46.542ce4285a40d23a559526243235df47c5f75c197f04f37d1a0c124c32c9a084.lock
I1115 13:06:15.157074 47715480541888 tokenization_utils.py:501] loading file https://s3.amazonaws.com/models.huggingface.co/bert/bert-large-uncased-vocab.txt from cache at /home/u00461/.cache/torch/transformers/9b3c03a36e83b13d5ba95ac965c9f9074a99e14340c523ab405703179e79fc46.542ce4285a40d23a559526243235df47c5f75c197f04f37d1a0c124c32c9a084
I1115 13:06:29.866006 47715480541888 filelock.py:274] Lock 47717263491928 acquired on /home/u00461/.cache/torch/transformers/6dfaed860471b03ab5b9acb6153bea82b6632fb9bbe514d3fff050fe1319ee6d.788fed32bb8481a9b15ce726d41c53d5d5066b04c667e34ce3a7a3826d1573d8.lock
I1115 13:06:29.867739 47715480541888 file_utils.py:479] https://s3.amazonaws.com/models.huggingface.co/bert/bert-large-uncased-config.json not found in cache or force_download set to True, downloading to /home/u00461/.cache/torch/transformers/tmpp4at0ril

Downloading:   0%|          | 0.00/434 [00:00<?, ?B/s]
Downloading: 100%|██████████| 434/434 [00:00<00:00, 222kB/s]
I1115 13:06:30.610507 47715480541888 file_utils.py:489] storing https://s3.amazonaws.com/models.huggingface.co/bert/bert-large-uncased-config.json in cache at /home/u00461/.cache/torch/transformers/6dfaed860471b03ab5b9acb6153bea82b6632fb9bbe514d3fff050fe1319ee6d.788fed32bb8481a9b15ce726d41c53d5d5066b04c667e34ce3a7a3826d1573d8
I1115 13:06:30.611294 47715480541888 file_utils.py:492] creating metadata file for /home/u00461/.cache/torch/transformers/6dfaed860471b03ab5b9acb6153bea82b6632fb9bbe514d3fff050fe1319ee6d.788fed32bb8481a9b15ce726d41c53d5d5066b04c667e34ce3a7a3826d1573d8
I1115 13:06:30.613009 47715480541888 filelock.py:318] Lock 47717263491928 released on /home/u00461/.cache/torch/transformers/6dfaed860471b03ab5b9acb6153bea82b6632fb9bbe514d3fff050fe1319ee6d.788fed32bb8481a9b15ce726d41c53d5d5066b04c667e34ce3a7a3826d1573d8.lock
I1115 13:06:30.613499 47715480541888 configuration_utils.py:256] loading configuration file https://s3.amazonaws.com/models.huggingface.co/bert/bert-large-uncased-config.json from cache at /home/u00461/.cache/torch/transformers/6dfaed860471b03ab5b9acb6153bea82b6632fb9bbe514d3fff050fe1319ee6d.788fed32bb8481a9b15ce726d41c53d5d5066b04c667e34ce3a7a3826d1573d8
I1115 13:06:30.622933 47715480541888 configuration_utils.py:292] Model config BertConfig {
  "architectures": [
    "BertForMaskedLM"
  ],
  "attention_probs_dropout_prob": 0.1,
  "bos_token_id": null,
  "do_sample": false,
  "eos_token_ids": null,
  "finetuning_task": null,
  "hidden_act": "gelu",
  "hidden_dropout_prob": 0.1,
  "hidden_size": 1024,
  "id2label": {
    "0": "LABEL_0",
    "1": "LABEL_1"
  },
  "initializer_range": 0.02,
  "intermediate_size": 4096,
  "is_decoder": false,
  "label2id": {
    "LABEL_0": 0,
    "LABEL_1": 1
  },
  "layer_norm_eps": 1e-12,
  "length_penalty": 1.0,
  "max_length": 20,
  "max_position_embeddings": 512,
  "model_type": "bert",
  "num_attention_heads": 16,
  "num_beams": 1,
  "num_hidden_layers": 24,
  "num_labels": 6,
  "num_return_sequences": 1,
  "output_attentions": false,
  "output_hidden_states": false,
  "output_past": true,
  "pad_token_id": 0,
  "pruned_heads": {},
  "repetition_penalty": 1.0,
  "temperature": 1.0,
  "top_k": 50,
  "top_p": 1.0,
  "torchscript": false,
  "type_vocab_size": 2,
  "use_bfloat16": false,
  "vocab_size": 30522
}

I1115 13:06:31.378777 47715480541888 filelock.py:274] Lock 47717263491928 acquired on /home/u00461/.cache/torch/transformers/54da47087cc86ce75324e4dc9bbb5f66c6e83a7c6bd23baea8b489acc8d09aa4.4d5343a4b979c4beeaadef17a0453d1bb183dd9b084f58b84c7cc781df343ae6.lock
I1115 13:06:31.380737 47715480541888 file_utils.py:479] https://s3.amazonaws.com/models.huggingface.co/bert/bert-large-uncased-pytorch_model.bin not found in cache or force_download set to True, downloading to /home/u00461/.cache/torch/transformers/tmp8g24or7d

Downloading:   0%|          | 0.00/1.34G [00:00<?, ?B/s]
Downloading:   0%|          | 1.02k/1.34G [00:00<65:46:36, 5.68kB/s]
Downloading:   0%|          | 52.2k/1.34G [00:00<46:25:48, 8.05kB/s]
Downloading:   0%|          | 122k/1.34G [00:00<32:47:04, 11.4kB/s] 
Downloading:   0%|          | 261k/1.34G [00:00<23:05:22, 16.2kB/s]
Downloading:   0%|          | 453k/1.34G [00:00<16:15:51, 23.0kB/s]
Downloading:   0%|          | 836k/1.34G [00:01<11:26:01, 32.7kB/s]
Downloading:   0%|          | 1.46M/1.34G [00:01<8:01:53, 46.5kB/s]
Downloading:   0%|          | 2.84M/1.34G [00:01<5:37:50, 66.2kB/s]
Downloading:   0%|          | 4.04M/1.34G [00:01<3:57:16, 94.2kB/s]
Downloading:   0%|          | 5.19M/1.34G [00:01<2:46:58, 134kB/s] 
Downloading:   0%|          | 6.35M/1.34G [00:01<1:57:48, 189kB/s]
Downloading:   1%|          | 7.53M/1.34G [00:02<1:23:24, 267kB/s]
Downloading:   1%|          | 8.76M/1.34G [00:02<59:18, 376kB/s]  
Downloading:   1%|          | 9.99M/1.34G [00:02<42:26, 524kB/s]
Downloading:   1%|          | 11.2M/1.34G [00:02<30:36, 726kB/s]
Downloading:   1%|          | 12.5M/1.34G [00:02<22:20, 994kB/s]
Downloading:   1%|          | 13.8M/1.34G [00:03<16:31, 1.34MB/s]
Downloading:   1%|          | 15.1M/1.34G [00:03<12:27, 1.78MB/s]
Downloading:   1%|          | 15.9M/1.34G [00:03<10:28, 2.12MB/s]
Downloading:   1%|▏         | 17.1M/1.34G [00:03<08:14, 2.68MB/s]
Downloading:   1%|▏         | 18.4M/1.34G [00:03<06:39, 3.32MB/s]
Downloading:   1%|▏         | 19.7M/1.34G [00:03<05:32, 3.99MB/s]
Downloading:   2%|▏         | 21.0M/1.34G [00:04<04:49, 4.58MB/s]
Downloading:   2%|▏         | 22.3M/1.34G [00:04<04:15, 5.17MB/s]
Downloading:   2%|▏         | 23.7M/1.34G [00:04<03:51, 5.70MB/s]
Downloading:   2%|▏         | 25.0M/1.34G [00:04<03:35, 6.14MB/s]
Downloading:   2%|▏         | 26.3M/1.34G [00:04<03:22, 6.50MB/s]
Downloading:   2%|▏         | 27.6M/1.34G [00:04<03:14, 6.77MB/s]
Downloading:   2%|▏         | 28.6M/1.34G [00:05<03:30, 6.25MB/s]
Downloading:   2%|▏         | 29.5M/1.34G [00:05<03:42, 5.91MB/s]
Downloading:   2%|▏         | 30.5M/1.34G [00:05<03:46, 5.80MB/s]
Downloading:   2%|▏         | 31.5M/1.34G [00:05<03:48, 5.74MB/s]
Downloading:   2%|▏         | 32.5M/1.34G [00:05<03:48, 5.75MB/s]
Downloading:   2%|▏         | 33.6M/1.34G [00:06<03:46, 5.79MB/s]
Downloading:   3%|▎         | 34.4M/1.34G [00:06<04:03, 5.38MB/s]
Downloading:   3%|▎         | 35.4M/1.34G [00:06<03:57, 5.52MB/s]
Downloading:   3%|▎         | 36.5M/1.34G [00:06<03:52, 5.63MB/s]
Downloading:   3%|▎         | 37.5M/1.34G [00:06<03:48, 5.72MB/s]
Downloading:   3%|▎         | 38.6M/1.34G [00:06<03:46, 5.76MB/s]
Downloading:   3%|▎         | 39.6M/1.34G [00:07<03:44, 5.81MB/s]
Downloading:   3%|▎         | 40.7M/1.34G [00:07<03:43, 5.83MB/s]
Downloading:   3%|▎         | 41.7M/1.34G [00:07<03:42, 5.85MB/s]
Downloading:   3%|▎         | 42.8M/1.34G [00:07<03:41, 5.87MB/s]
Downloading:   3%|▎         | 43.8M/1.34G [00:07<03:42, 5.85MB/s]
Downloading:   3%|▎         | 44.9M/1.34G [00:07<03:41, 5.88MB/s]
Downloading:   3%|▎         | 45.8M/1.34G [00:08<03:47, 5.71MB/s]
Downloading:   3%|▎         | 46.9M/1.34G [00:08<03:45, 5.76MB/s]
Downloading:   4%|▎         | 47.9M/1.34G [00:08<03:44, 5.77MB/s]
Downloading:   4%|▎         | 49.0M/1.34G [00:08<03:42, 5.82MB/s]
Downloading:   4%|▎         | 50.0M/1.34G [00:08<03:41, 5.83MB/s]
Downloading:   4%|▍         | 51.0M/1.34G [00:09<03:40, 5.88MB/s]
Downloading:   4%|▍         | 52.1M/1.34G [00:09<03:40, 5.88MB/s]
Downloading:   4%|▍         | 53.1M/1.34G [00:09<03:39, 5.89MB/s]
Downloading:   4%|▍         | 54.2M/1.34G [00:09<03:39, 5.88MB/s]
Downloading:   4%|▍         | 55.2M/1.34G [00:09<03:39, 5.87MB/s]
Downloading:   4%|▍         | 56.3M/1.34G [00:09<03:39, 5.87MB/s]
Downloading:   4%|▍         | 57.0M/1.34G [00:10<04:02, 5.31MB/s]
Downloading:   4%|▍         | 58.1M/1.34G [00:10<03:55, 5.47MB/s]
Downloading:   4%|▍         | 59.1M/1.34G [00:10<03:51, 5.56MB/s]
Downloading:   4%|▍         | 60.2M/1.34G [00:10<03:46, 5.66MB/s]
Downloading:   5%|▍         | 61.0M/1.34G [00:10<04:02, 5.29MB/s]
Downloading:   5%|▍         | 61.8M/1.34G [00:11<04:20, 4.93MB/s]
Downloading:   5%|▍         | 62.5M/1.34G [00:11<04:32, 4.70MB/s]
Downloading:   5%|▍         | 63.3M/1.34G [00:11<04:37, 4.62MB/s]
Downloading:   5%|▍         | 64.1M/1.34G [00:11<04:39, 4.58MB/s]
Downloading:   5%|▍         | 64.9M/1.34G [00:11<04:39, 4.58MB/s]
Downloading:   5%|▍         | 65.8M/1.34G [00:11<04:37, 4.61MB/s]
Downloading:   5%|▍         | 66.5M/1.34G [00:12<04:17, 4.97MB/s]
Downloading:   5%|▍         | 67.1M/1.34G [00:12<04:38, 4.59MB/s]
Downloading:   5%|▌         | 67.5M/1.34G [00:12<04:43, 4.51MB/s]
Downloading:   5%|▌         | 68.2M/1.34G [00:12<04:13, 5.03MB/s]
Downloading:   5%|▌         | 68.7M/1.34G [00:12<04:38, 4.58MB/s]
Downloading:   5%|▌         | 69.2M/1.34G [00:12<04:35, 4.63MB/s]
Downloading:   5%|▌         | 69.9M/1.34G [00:12<04:13, 5.03MB/s]
Downloading:   5%|▌         | 70.4M/1.34G [00:12<04:30, 4.71MB/s]
Downloading:   5%|▌         | 71.1M/1.34G [00:12<04:23, 4.84MB/s]
Downloading:   5%|▌         | 71.7M/1.34G [00:13<04:03, 5.23MB/s]
Downloading:   5%|▌         | 72.2M/1.34G [00:13<04:19, 4.90MB/s]
Downloading:   5%|▌         | 72.9M/1.34G [00:13<04:13, 5.02MB/s]
Downloading:   5%|▌         | 73.6M/1.34G [00:13<03:55, 5.40MB/s]
Downloading:   6%|▌         | 74.1M/1.34G [00:13<04:13, 5.02MB/s]
Downloading:   6%|▌         | 74.8M/1.34G [00:13<04:06, 5.15MB/s]
Downloading:   6%|▌         | 75.5M/1.34G [00:13<03:49, 5.54MB/s]
Downloading:   6%|▌         | 76.1M/1.34G [00:13<04:07, 5.12MB/s]
Downloading:   6%|▌         | 76.8M/1.34G [00:14<04:01, 5.26MB/s]
Downloading:   6%|▌         | 77.4M/1.34G [00:14<03:44, 5.64MB/s]
Downloading:   6%|▌         | 78.0M/1.34G [00:14<04:02, 5.22MB/s]
Downloading:   6%|▌         | 78.7M/1.34G [00:14<03:56, 5.35MB/s]
Downloading:   6%|▌         | 79.4M/1.34G [00:14<03:45, 5.62MB/s]
Downloading:   6%|▌         | 80.0M/1.34G [00:14<03:59, 5.29MB/s]
Downloading:   6%|▌         | 80.7M/1.34G [00:14<03:51, 5.45MB/s]
Downloading:   6%|▌         | 81.4M/1.34G [00:14<03:39, 5.75MB/s]
Downloading:   6%|▌         | 82.0M/1.34G [00:14<03:53, 5.41MB/s]
Downloading:   6%|▌         | 82.7M/1.34G [00:15<03:50, 5.49MB/s]
Downloading:   6%|▌         | 83.5M/1.34G [00:15<03:36, 5.84MB/s]
Downloading:   6%|▌         | 84.0M/1.34G [00:15<03:50, 5.46MB/s]
Downloading:   6%|▋         | 84.8M/1.34G [00:15<03:46, 5.57MB/s]
Downloading:   6%|▋         | 85.5M/1.34G [00:15<03:34, 5.88MB/s]
Downloading:   6%|▋         | 86.1M/1.34G [00:15<03:46, 5.55MB/s]
Downloading:   6%|▋         | 86.8M/1.34G [00:15<03:44, 5.61MB/s]
Downloading:   7%|▋         | 87.5M/1.34G [00:15<03:31, 5.94MB/s]
Downloading:   7%|▋         | 88.2M/1.34G [00:16<03:45, 5.57MB/s]
Downloading:   7%|▋         | 88.9M/1.34G [00:16<03:41, 5.67MB/s]
Downloading:   7%|▋         | 89.6M/1.34G [00:16<03:34, 5.85MB/s]
Downloading:   7%|▋         | 90.2M/1.34G [00:16<03:41, 5.66MB/s]
Downloading:   7%|▋         | 91.0M/1.34G [00:16<03:39, 5.73MB/s]
Downloading:   7%|▋         | 91.7M/1.34G [00:16<03:31, 5.92MB/s]
Downloading:   7%|▋         | 92.3M/1.34G [00:16<03:41, 5.66MB/s]
Downloading:   7%|▋         | 93.1M/1.34G [00:16<03:36, 5.79MB/s]
Downloading:   7%|▋         | 93.8M/1.34G [00:17<03:30, 5.95MB/s]
Downloading:   7%|▋         | 94.4M/1.34G [00:17<03:39, 5.69MB/s]
Downloading:   7%|▋         | 95.1M/1.34G [00:17<03:35, 5.80MB/s]
Downloading:   7%|▋         | 95.9M/1.34G [00:17<03:23, 6.14MB/s]
Downloading:   7%|▋         | 96.5M/1.34G [00:17<03:39, 5.68MB/s]
Downloading:   7%|▋         | 97.2M/1.34G [00:17<03:35, 5.79MB/s]
Downloading:   7%|▋         | 98.0M/1.34G [00:17<03:24, 6.11MB/s]
Downloading:   7%|▋         | 98.6M/1.34G [00:17<03:39, 5.68MB/s]
Downloading:   7%|▋         | 99.3M/1.34G [00:17<03:35, 5.79MB/s]
Downloading:   7%|▋         | 100M/1.34G [00:18<03:23, 6.11MB/s] 
Downloading:   7%|▋         | 101M/1.34G [00:18<03:41, 5.62MB/s]
Downloading:   8%|▊         | 101M/1.34G [00:18<03:35, 5.77MB/s]
Downloading:   8%|▊         | 102M/1.34G [00:18<03:23, 6.12MB/s]
Downloading:   8%|▊         | 103M/1.34G [00:18<03:40, 5.63MB/s]
Downloading:   8%|▊         | 104M/1.34G [00:18<03:35, 5.77MB/s]
Downloading:   8%|▊         | 104M/1.34G [00:18<03:20, 6.20MB/s]
Downloading:   8%|▊         | 105M/1.34G [00:18<03:40, 5.62MB/s]
Downloading:   8%|▊         | 106M/1.34G [00:19<03:35, 5.76MB/s]
Downloading:   8%|▊         | 106M/1.34G [00:19<03:21, 6.15MB/s]
Downloading:   8%|▊         | 107M/1.34G [00:19<03:41, 5.59MB/s]
Downloading:   8%|▊         | 108M/1.34G [00:19<03:34, 5.78MB/s]
Downloading:   8%|▊         | 108M/1.34G [00:19<03:20, 6.17MB/s]
Downloading:   8%|▊         | 109M/1.34G [00:19<03:42, 5.57MB/s]
Downloading:   8%|▊         | 110M/1.34G [00:19<03:33, 5.77MB/s]
Downloading:   8%|▊         | 111M/1.34G [00:19<03:21, 6.13MB/s]
Downloading:   8%|▊         | 111M/1.34G [00:19<03:41, 5.57MB/s]
Downloading:   8%|▊         | 112M/1.34G [00:20<03:33, 5.78MB/s]
Downloading:   8%|▊         | 113M/1.34G [00:20<03:20, 6.15MB/s]
Downloading:   8%|▊         | 113M/1.34G [00:20<03:40, 5.59MB/s]
Downloading:   8%|▊         | 114M/1.34G [00:20<03:32, 5.79MB/s]
Downloading:   9%|▊         | 115M/1.34G [00:20<03:19, 6.17MB/s]
Downloading:   9%|▊         | 115M/1.34G [00:20<03:39, 5.59MB/s]
Downloading:   9%|▊         | 116M/1.34G [00:20<03:31, 5.80MB/s]
Downloading:   9%|▊         | 117M/1.34G [00:20<03:24, 6.00MB/s]
Downloading:   9%|▊         | 117M/1.34G [00:21<03:37, 5.63MB/s]
Downloading:   9%|▉         | 118M/1.34G [00:21<03:29, 5.86MB/s]
Downloading:   9%|▉         | 119M/1.34G [00:21<03:17, 6.19MB/s]
Downloading:   9%|▉         | 120M/1.34G [00:21<03:37, 5.62MB/s]
Downloading:   9%|▉         | 120M/1.34G [00:21<03:28, 5.87MB/s]
Downloading:   9%|▉         | 121M/1.34G [00:21<03:16, 6.23MB/s]
Downloading:   9%|▉         | 122M/1.34G [00:21<03:38, 5.59MB/s]
Downloading:   9%|▉         | 122M/1.34G [00:21<03:59, 5.11MB/s]
Downloading:   9%|▉         | 123M/1.34G [00:21<03:33, 5.73MB/s]
Downloading:   9%|▉         | 124M/1.34G [00:22<03:42, 5.49MB/s]
Downloading:   9%|▉         | 124M/1.34G [00:22<03:40, 5.55MB/s]
Downloading:   9%|▉         | 125M/1.34G [00:22<03:24, 5.98MB/s]
Downloading:   9%|▉         | 126M/1.34G [00:22<03:40, 5.53MB/s]
Downloading:   9%|▉         | 126M/1.34G [00:22<03:34, 5.69MB/s]
Downloading:   9%|▉         | 127M/1.34G [00:22<03:19, 6.11MB/s]
Downloading:  10%|▉         | 128M/1.34G [00:22<03:37, 5.60MB/s]
Downloading:  10%|▉         | 129M/1.34G [00:22<03:31, 5.75MB/s]
Downloading:  10%|▉         | 129M/1.34G [00:23<03:13, 6.29MB/s]
Downloading:  10%|▉         | 130M/1.34G [00:23<03:36, 5.61MB/s]
Downloading:  10%|▉         | 131M/1.34G [00:23<03:30, 5.76MB/s]
Downloading:  10%|▉         | 132M/1.34G [00:23<03:13, 6.28MB/s]
Downloading:  10%|▉         | 132M/1.34G [00:23<03:35, 5.62MB/s]
Downloading:  10%|▉         | 133M/1.34G [00:23<03:31, 5.74MB/s]
Downloading:  10%|▉         | 134M/1.34G [00:23<03:13, 6.27MB/s]
Downloading:  10%|▉         | 134M/1.34G [00:23<03:37, 5.56MB/s]
Downloading:  10%|█         | 135M/1.34G [00:23<03:31, 5.72MB/s]
Downloading:  10%|█         | 136M/1.34G [00:24<03:15, 6.17MB/s]
Downloading:  10%|█         | 136M/1.34G [00:24<03:33, 5.65MB/s]
Downloading:  10%|█         | 137M/1.34G [00:24<03:25, 5.87MB/s]
Downloading:  10%|█         | 138M/1.34G [00:24<03:09, 6.37MB/s]
Downloading:  10%|█         | 139M/1.34G [00:24<03:35, 5.60MB/s]
Downloading:  10%|█         | 139M/1.34G [00:24<03:27, 5.82MB/s]
Downloading:  10%|█         | 140M/1.34G [00:24<03:09, 6.35MB/s]
Downloading:  10%|█         | 141M/1.34G [00:24<03:34, 5.62MB/s]
Downloading:  11%|█         | 141M/1.34G [00:25<03:57, 5.07MB/s]
Downloading:  11%|█         | 142M/1.34G [00:25<04:02, 4.97MB/s]
Downloading:  11%|█         | 143M/1.34G [00:25<03:33, 5.64MB/s]
Downloading:  11%|█         | 143M/1.34G [00:25<03:56, 5.08MB/s]
Downloading:  11%|█         | 144M/1.34G [00:25<03:44, 5.36MB/s]
Downloading:  11%|█         | 145M/1.34G [00:25<03:18, 6.06MB/s]
Downloading:  11%|█         | 146M/1.34G [00:25<03:39, 5.46MB/s]
Downloading:  11%|█         | 146M/1.34G [00:25<03:35, 5.56MB/s]
Downloading:  11%|█         | 147M/1.34G [00:26<03:12, 6.22MB/s]
Downloading:  11%|█         | 148M/1.34G [00:26<03:34, 5.59MB/s]
Downloading:  11%|█         | 148M/1.34G [00:26<03:32, 5.62MB/s]
Downloading:  11%|█         | 149M/1.34G [00:26<03:09, 6.31MB/s]
Downloading:  11%|█         | 150M/1.34G [00:26<03:31, 5.64MB/s]
Downloading:  11%|█         | 151M/1.34G [00:26<03:38, 5.47MB/s]
Downloading:  11%|█▏        | 152M/1.34G [00:26<03:10, 6.28MB/s]
Downloading:  11%|█▏        | 152M/1.34G [00:26<03:24, 5.84MB/s]
Downloading:  11%|█▏        | 153M/1.34G [00:27<04:00, 4.95MB/s]
Downloading:  11%|█▏        | 153M/1.34G [00:27<04:31, 4.39MB/s]
Downloading:  11%|█▏        | 154M/1.34G [00:27<03:51, 5.13MB/s]
Downloading:  12%|█▏        | 155M/1.34G [00:27<03:44, 5.31MB/s]
Downloading:  12%|█▏        | 156M/1.34G [00:27<03:58, 4.99MB/s]
Downloading:  12%|█▏        | 157M/1.34G [00:27<03:28, 5.70MB/s]
Downloading:  12%|█▏        | 157M/1.34G [00:27<03:27, 5.74MB/s]
Downloading:  12%|█▏        | 158M/1.34G [00:27<03:44, 5.28MB/s]
Downloading:  12%|█▏        | 159M/1.34G [00:28<03:17, 6.01MB/s]
Downloading:  12%|█▏        | 159M/1.34G [00:28<03:20, 5.91MB/s]
Downloading:  12%|█▏        | 160M/1.34G [00:28<03:39, 5.40MB/s]
Downloading:  12%|█▏        | 161M/1.34G [00:28<03:14, 6.10MB/s]
Downloading:  12%|█▏        | 162M/1.34G [00:28<03:17, 5.98MB/s]
Downloading:  12%|█▏        | 162M/1.34G [00:28<03:36, 5.45MB/s]
Downloading:  12%|█▏        | 163M/1.34G [00:28<03:14, 6.07MB/s]
Downloading:  12%|█▏        | 164M/1.34G [00:28<03:15, 6.03MB/s]
Downloading:  12%|█▏        | 164M/1.34G [00:29<03:35, 5.49MB/s]
Downloading:  12%|█▏        | 165M/1.34G [00:29<03:14, 6.07MB/s]
Downloading:  12%|█▏        | 166M/1.34G [00:29<03:12, 6.13MB/s]
Downloading:  12%|█▏        | 166M/1.34G [00:29<03:33, 5.52MB/s]
Downloading:  12%|█▏        | 167M/1.34G [00:29<03:15, 6.01MB/s]
Downloading:  12%|█▏        | 168M/1.34G [00:29<03:11, 6.15MB/s]
Downloading:  13%|█▎        | 169M/1.34G [00:29<03:30, 5.58MB/s]
Downloading:  13%|█▎        | 170M/1.34G [00:29<03:09, 6.21MB/s]
Downloading:  13%|█▎        | 170M/1.34G [00:29<03:11, 6.14MB/s]
Downloading:  13%|█▎        | 171M/1.34G [00:30<03:30, 5.57MB/s]
Downloading:  13%|█▎        | 172M/1.34G [00:30<03:10, 6.16MB/s]
Downloading:  13%|█▎        | 172M/1.34G [00:30<03:12, 6.10MB/s]
Downloading:  13%|█▎        | 173M/1.34G [00:30<03:32, 5.53MB/s]
Downloading:  13%|█▎        | 174M/1.34G [00:30<03:11, 6.10MB/s]
Downloading:  13%|█▎        | 174M/1.34G [00:30<03:10, 6.16MB/s]
Downloading:  13%|█▎        | 175M/1.34G [00:30<03:35, 5.42MB/s]
Downloading:  13%|█▎        | 176M/1.34G [00:30<03:15, 5.98MB/s]
Downloading:  13%|█▎        | 177M/1.34G [00:31<03:19, 5.86MB/s]
Downloading:  13%|█▎        | 177M/1.34G [00:31<03:31, 5.53MB/s]
Downloading:  13%|█▎        | 178M/1.34G [00:31<03:12, 6.05MB/s]
Downloading:  13%|█▎        | 179M/1.34G [00:31<03:16, 5.94MB/s]
Downloading:  13%|█▎        | 179M/1.34G [00:31<03:29, 5.57MB/s]
Downloading:  13%|█▎        | 180M/1.34G [00:31<03:11, 6.10MB/s]
Downloading:  13%|█▎        | 181M/1.34G [00:31<03:14, 5.97MB/s]
Downloading:  13%|█▎        | 182M/1.34G [00:31<03:27, 5.62MB/s]
Downloading:  14%|█▎        | 182M/1.34G [00:31<03:08, 6.17MB/s]
Downloading:  14%|█▎        | 183M/1.34G [00:32<03:14, 5.98MB/s]
Downloading:  14%|█▎        | 184M/1.34G [00:32<03:28, 5.58MB/s]
Downloading:  14%|█▎        | 185M/1.34G [00:32<03:04, 6.28MB/s]
Downloading:  14%|█▍        | 185M/1.34G [00:32<03:15, 5.95MB/s]
Downloading:  14%|█▍        | 186M/1.34G [00:32<03:28, 5.57MB/s]
Downloading:  14%|█▍        | 187M/1.34G [00:32<03:09, 6.11MB/s]
Downloading:  14%|█▍        | 187M/1.34G [00:32<03:12, 6.00MB/s]
Downloading:  14%|█▍        | 188M/1.34G [00:32<03:26, 5.61MB/s]
Downloading:  14%|█▍        | 189M/1.34G [00:33<03:03, 6.31MB/s]
Downloading:  14%|█▍        | 190M/1.34G [00:33<03:13, 5.98MB/s]
Downloading:  14%|█▍        | 190M/1.34G [00:33<03:26, 5.59MB/s]
Downloading:  14%|█▍        | 191M/1.34G [00:33<03:11, 6.04MB/s]
Downloading:  14%|█▍        | 192M/1.34G [00:33<03:10, 6.07MB/s]
Downloading:  14%|█▍        | 192M/1.34G [00:33<03:24, 5.64MB/s]
Downloading:  14%|█▍        | 193M/1.34G [00:33<03:05, 6.21MB/s]
Downloading:  14%|█▍        | 194M/1.34G [00:33<03:09, 6.07MB/s]
Downloading:  14%|█▍        | 195M/1.34G [00:34<03:23, 5.66MB/s]
Downloading:  15%|█▍        | 196M/1.34G [00:34<03:04, 6.22MB/s]
Downloading:  15%|█▍        | 196M/1.34G [00:34<03:08, 6.08MB/s]
Downloading:  15%|█▍        | 197M/1.34G [00:34<03:22, 5.68MB/s]
Downloading:  15%|█▍        | 198M/1.34G [00:34<03:06, 6.16MB/s]
Downloading:  15%|█▍        | 198M/1.34G [00:34<03:06, 6.16MB/s]
Downloading:  15%|█▍        | 199M/1.34G [00:34<03:20, 5.73MB/s]
Downloading:  15%|█▍        | 200M/1.34G [00:34<03:03, 6.23MB/s]
Downloading:  15%|█▍        | 201M/1.34G [00:34<03:03, 6.23MB/s]
Downloading:  15%|█▍        | 201M/1.34G [00:35<03:17, 5.80MB/s]
Downloading:  15%|█▌        | 202M/1.34G [00:35<03:07, 6.11MB/s]
Downloading:  15%|█▌        | 203M/1.34G [00:35<03:12, 5.94MB/s]
Downloading:  15%|█▌        | 203M/1.34G [00:35<03:48, 5.00MB/s]
Downloading:  15%|█▌        | 204M/1.34G [00:35<04:06, 4.63MB/s]
Downloading:  15%|█▌        | 205M/1.34G [00:35<03:55, 4.84MB/s]
Downloading:  15%|█▌        | 205M/1.34G [00:35<03:58, 4.78MB/s]
Downloading:  15%|█▌        | 206M/1.34G [00:35<03:39, 5.18MB/s]
Downloading:  15%|█▌        | 207M/1.34G [00:36<03:14, 5.87MB/s]
Downloading:  15%|█▌        | 207M/1.34G [00:36<03:42, 5.12MB/s]
Downloading:  15%|█▌        | 208M/1.34G [00:36<03:40, 5.15MB/s]
Downloading:  16%|█▌        | 209M/1.34G [00:36<03:11, 5.94MB/s]
Downloading:  16%|█▌        | 210M/1.34G [00:36<03:22, 5.60MB/s]
Downloading:  16%|█▌        | 210M/1.34G [00:36<03:28, 5.45MB/s]
Downloading:  16%|█▌        | 211M/1.34G [00:36<03:12, 5.90MB/s]
Downloading:  16%|█▌        | 212M/1.34G [00:36<03:05, 6.11MB/s]
Downloading:  16%|█▌        | 212M/1.34G [00:37<03:15, 5.79MB/s]
Downloading:  16%|█▌        | 213M/1.34G [00:37<03:03, 6.16MB/s]
Downloading:  16%|█▌        | 214M/1.34G [00:37<02:59, 6.28MB/s]
Downloading:  16%|█▌        | 215M/1.34G [00:37<03:10, 5.92MB/s]
Downloading:  16%|█▌        | 216M/1.34G [00:37<03:00, 6.27MB/s]
Downloading:  16%|█▌        | 216M/1.34G [00:37<02:54, 6.45MB/s]
Downloading:  16%|█▌        | 217M/1.34G [00:37<03:15, 5.77MB/s]
Downloading:  16%|█▌        | 218M/1.34G [00:37<03:03, 6.13MB/s]
Downloading:  16%|█▌        | 218M/1.34G [00:37<03:05, 6.09MB/s]
Downloading:  16%|█▋        | 219M/1.34G [00:38<03:08, 5.97MB/s]
Downloading:  16%|█▋        | 220M/1.34G [00:38<02:49, 6.65MB/s]
Downloading:  16%|█▋        | 221M/1.34G [00:38<03:05, 6.07MB/s]
Downloading:  16%|█▋        | 221M/1.34G [00:38<03:21, 5.56MB/s]
Downloading:  17%|█▋        | 222M/1.34G [00:38<02:59, 6.27MB/s]
Downloading:  17%|█▋        | 223M/1.34G [00:38<03:00, 6.22MB/s]
Downloading:  17%|█▋        | 224M/1.34G [00:38<03:17, 5.68MB/s]
Downloading:  17%|█▋        | 225M/1.34G [00:38<02:58, 6.27MB/s]
Downloading:  17%|█▋        | 225M/1.34G [00:39<02:55, 6.37MB/s]
Downloading:  17%|█▋        | 226M/1.34G [00:39<03:14, 5.76MB/s]
Downloading:  17%|█▋        | 227M/1.34G [00:39<03:00, 6.18MB/s]
Downloading:  17%|█▋        | 227M/1.34G [00:39<03:01, 6.15MB/s]
Downloading:  17%|█▋        | 228M/1.34G [00:39<03:18, 5.64MB/s]
Downloading:  17%|█▋        | 229M/1.34G [00:39<02:54, 6.41MB/s]
Downloading:  17%|█▋        | 230M/1.34G [00:39<02:58, 6.25MB/s]
Downloading:  17%|█▋        | 230M/1.34G [00:39<03:29, 5.31MB/s]
Downloading:  17%|█▋        | 231M/1.34G [00:40<03:07, 5.94MB/s]
Downloading:  17%|█▋        | 232M/1.34G [00:40<02:42, 6.84MB/s]
Downloading:  17%|█▋        | 233M/1.34G [00:40<03:06, 5.97MB/s]
Downloading:  17%|█▋        | 234M/1.34G [00:40<03:22, 5.48MB/s]
Downloading:  17%|█▋        | 235M/1.34G [00:40<03:01, 6.12MB/s]
Downloading:  17%|█▋        | 235M/1.34G [00:40<02:56, 6.28MB/s]
Downloading:  18%|█▊        | 236M/1.34G [00:40<03:17, 5.63MB/s]
Downloading:  18%|█▊        | 237M/1.34G [00:40<02:55, 6.33MB/s]
Downloading:  18%|█▊        | 238M/1.34G [00:41<02:51, 6.47MB/s]
Downloading:  18%|█▊        | 238M/1.34G [00:41<03:21, 5.48MB/s]
Downloading:  18%|█▊        | 239M/1.34G [00:41<03:09, 5.84MB/s]
Downloading:  18%|█▊        | 240M/1.34G [00:41<02:45, 6.69MB/s]
Downloading:  18%|█▊        | 241M/1.34G [00:41<02:55, 6.29MB/s]
Downloading:  18%|█▊        | 242M/1.34G [00:41<03:21, 5.47MB/s]
Downloading:  18%|█▊        | 242M/1.34G [00:41<03:14, 5.67MB/s]
Downloading:  18%|█▊        | 243M/1.34G [00:41<02:47, 6.58MB/s]
Downloading:  18%|█▊        | 244M/1.34G [00:42<03:09, 5.80MB/s]
Downloading:  18%|█▊        | 245M/1.34G [00:42<03:33, 5.15MB/s]
Downloading:  18%|█▊        | 246M/1.34G [00:42<03:12, 5.72MB/s]
Downloading:  18%|█▊        | 247M/1.34G [00:42<02:45, 6.65MB/s]
Downloading:  18%|█▊        | 248M/1.34G [00:42<02:56, 6.22MB/s]
Downloading:  18%|█▊        | 248M/1.34G [00:42<03:21, 5.43MB/s]
Downloading:  19%|█▊        | 249M/1.34G [00:42<03:07, 5.85MB/s]
Downloading:  19%|█▊        | 250M/1.34G [00:43<02:44, 6.66MB/s]
Downloading:  19%|█▊        | 251M/1.34G [00:43<02:53, 6.31MB/s]
Downloading:  19%|█▊        | 252M/1.34G [00:43<03:20, 5.45MB/s]
Downloading:  19%|█▉        | 253M/1.34G [00:43<02:58, 6.13MB/s]
Downloading:  19%|█▉        | 254M/1.34G [00:43<02:44, 6.63MB/s]
Downloading:  19%|█▉        | 254M/1.34G [00:43<02:51, 6.36MB/s]
Downloading:  19%|█▉        | 255M/1.34G [00:43<03:19, 5.46MB/s]
Downloading:  19%|█▉        | 256M/1.34G [00:43<03:02, 5.96MB/s]
Downloading:  19%|█▉        | 257M/1.34G [00:44<02:38, 6.88MB/s]
Downloading:  19%|█▉        | 258M/1.34G [00:44<02:50, 6.36MB/s]
Downloading:  19%|█▉        | 259M/1.34G [00:44<03:17, 5.49MB/s]
Downloading:  19%|█▉        | 260M/1.34G [00:44<02:55, 6.17MB/s]
Downloading:  19%|█▉        | 261M/1.34G [00:44<02:35, 6.96MB/s]
Downloading:  19%|█▉        | 261M/1.34G [00:44<02:56, 6.13MB/s]
Downloading:  19%|█▉        | 262M/1.34G [00:44<03:20, 5.41MB/s]
Downloading:  20%|█▉        | 263M/1.34G [00:45<02:59, 6.01MB/s]
Downloading:  20%|█▉        | 264M/1.34G [00:45<02:35, 6.95MB/s]
Downloading:  20%|█▉        | 265M/1.34G [00:45<02:49, 6.38MB/s]
Downloading:  20%|█▉        | 266M/1.34G [00:45<03:12, 5.60MB/s]
Downloading:  20%|█▉        | 266M/1.34G [00:45<02:58, 6.06MB/s]
Downloading:  20%|█▉        | 268M/1.34G [00:45<02:34, 6.99MB/s]
Downloading:  20%|█▉        | 268M/1.34G [00:45<02:48, 6.40MB/s]
Downloading:  20%|██        | 269M/1.34G [00:45<03:11, 5.62MB/s]
Downloading:  20%|██        | 270M/1.34G [00:46<02:55, 6.11MB/s]
Downloading:  20%|██        | 271M/1.34G [00:46<02:32, 7.06MB/s]
Downloading:  20%|██        | 272M/1.34G [00:46<02:46, 6.45MB/s]
Downloading:  20%|██        | 273M/1.34G [00:46<03:08, 5.68MB/s]
Downloading:  20%|██        | 274M/1.34G [00:46<02:53, 6.17MB/s]
Downloading:  20%|██        | 275M/1.34G [00:46<02:33, 6.98MB/s]
Downloading:  20%|██        | 276M/1.34G [00:46<02:42, 6.58MB/s]
Downloading:  21%|██        | 276M/1.34G [00:47<03:06, 5.74MB/s]
Downloading:  21%|██        | 277M/1.34G [00:47<02:48, 6.33MB/s]
Downloading:  21%|██        | 278M/1.34G [00:47<02:29, 7.14MB/s]
Downloading:  21%|██        | 279M/1.34G [00:47<02:38, 6.71MB/s]
Downloading:  21%|██        | 280M/1.34G [00:47<03:02, 5.84MB/s]
Downloading:  21%|██        | 281M/1.34G [00:47<02:44, 6.46MB/s]
Downloading:  21%|██        | 282M/1.34G [00:47<02:24, 7.34MB/s]
Downloading:  21%|██        | 283M/1.34G [00:47<02:36, 6.79MB/s]
Downloading:  21%|██        | 284M/1.34G [00:48<02:57, 5.98MB/s]
Downloading:  21%|██        | 285M/1.34G [00:48<02:39, 6.63MB/s]
Downloading:  21%|██▏       | 286M/1.34G [00:48<02:21, 7.50MB/s]
Downloading:  21%|██▏       | 287M/1.34G [00:48<02:33, 6.90MB/s]
Downloading:  21%|██▏       | 288M/1.34G [00:48<02:51, 6.16MB/s]
Downloading:  21%|██▏       | 289M/1.34G [00:48<02:29, 7.07MB/s]
Downloading:  22%|██▏       | 289M/1.34G [00:48<02:23, 7.37MB/s]
Downloading:  22%|██▏       | 290M/1.34G [00:49<02:43, 6.47MB/s]
Downloading:  22%|██▏       | 291M/1.34G [00:49<02:27, 7.14MB/s]
Downloading:  22%|██▏       | 293M/1.34G [00:49<02:07, 8.25MB/s]
Downloading:  22%|██▏       | 294M/1.34G [00:49<02:22, 7.38MB/s]
Downloading:  22%|██▏       | 294M/1.34G [00:49<02:40, 6.55MB/s]
Downloading:  22%|██▏       | 296M/1.34G [00:49<02:24, 7.26MB/s]
Downloading:  22%|██▏       | 297M/1.34G [00:49<02:04, 8.43MB/s]
Downloading:  22%|██▏       | 298M/1.34G [00:49<02:18, 7.58MB/s]
Downloading:  22%|██▏       | 299M/1.34G [00:50<02:35, 6.75MB/s]
Downloading:  22%|██▏       | 300M/1.34G [00:50<02:18, 7.52MB/s]
Downloading:  22%|██▏       | 301M/1.34G [00:50<02:03, 8.47MB/s]
Downloading:  22%|██▏       | 302M/1.34G [00:50<02:13, 7.80MB/s]
Downloading:  23%|██▎       | 303M/1.34G [00:50<02:28, 7.04MB/s]
Downloading:  23%|██▎       | 304M/1.34G [00:50<02:07, 8.13MB/s]
Downloading:  23%|██▎       | 305M/1.34G [00:50<02:04, 8.38MB/s]
Downloading:  23%|██▎       | 306M/1.34G [00:50<02:18, 7.49MB/s]
Downloading:  23%|██▎       | 308M/1.34G [00:51<02:05, 8.29MB/s]
Downloading:  23%|██▎       | 309M/1.34G [00:51<01:51, 9.29MB/s]
Downloading:  23%|██▎       | 310M/1.34G [00:51<02:01, 8.53MB/s]
Downloading:  23%|██▎       | 311M/1.34G [00:51<02:14, 7.69MB/s]
Downloading:  23%|██▎       | 312M/1.34G [00:51<01:56, 8.85MB/s]
Downloading:  23%|██▎       | 313M/1.34G [00:51<01:53, 9.08MB/s]
Downloading:  23%|██▎       | 314M/1.34G [00:51<02:07, 8.11MB/s]
Downloading:  23%|██▎       | 316M/1.34G [00:51<01:54, 9.01MB/s]
Downloading:  24%|██▎       | 317M/1.34G [00:52<01:38, 10.5MB/s]
Downloading:  24%|██▎       | 319M/1.34G [00:52<01:51, 9.25MB/s]
Downloading:  24%|██▍       | 320M/1.34G [00:52<02:02, 8.35MB/s]
Downloading:  24%|██▍       | 321M/1.34G [00:52<01:50, 9.27MB/s]
Downloading:  24%|██▍       | 323M/1.34G [00:52<01:37, 10.5MB/s]
Downloading:  24%|██▍       | 324M/1.34G [00:52<01:45, 9.67MB/s]
Downloading:  24%|██▍       | 325M/1.34G [00:52<01:54, 8.92MB/s]
Downloading:  24%|██▍       | 327M/1.34G [00:52<01:40, 10.2MB/s]
Downloading:  24%|██▍       | 328M/1.34G [00:53<01:37, 10.4MB/s]
Downloading:  24%|██▍       | 329M/1.34G [00:53<01:47, 9.47MB/s]
Downloading:  25%|██▍       | 331M/1.34G [00:53<01:34, 10.8MB/s]
Downloading:  25%|██▍       | 332M/1.34G [00:53<01:32, 10.9MB/s]
Downloading:  25%|██▍       | 333M/1.34G [00:53<01:42, 9.88MB/s]
Downloading:  25%|██▍       | 335M/1.34G [00:53<01:29, 11.3MB/s]
Downloading:  25%|██▍       | 336M/1.34G [00:53<01:29, 11.3MB/s]
Downloading:  25%|██▌       | 337M/1.34G [00:53<01:37, 10.4MB/s]
Downloading:  25%|██▌       | 339M/1.34G [00:54<01:24, 11.8MB/s]
Downloading:  25%|██▌       | 341M/1.34G [00:54<01:25, 11.8MB/s]
Downloading:  25%|██▌       | 342M/1.34G [00:54<01:33, 10.8MB/s]
Downloading:  26%|██▌       | 344M/1.34G [00:54<01:24, 11.9MB/s]
Downloading:  26%|██▌       | 345M/1.34G [00:54<01:16, 13.1MB/s]
Downloading:  26%|██▌       | 347M/1.34G [00:54<01:25, 11.6MB/s]
Downloading:  26%|██▌       | 348M/1.34G [00:54<01:19, 12.5MB/s]
Downloading:  26%|██▌       | 350M/1.34G [00:54<01:12, 13.8MB/s]
Downloading:  26%|██▌       | 352M/1.34G [00:55<01:21, 12.2MB/s]
Downloading:  26%|██▋       | 353M/1.34G [00:55<01:15, 13.1MB/s]
Downloading:  26%|██▋       | 355M/1.34G [00:55<01:08, 14.4MB/s]
Downloading:  27%|██▋       | 357M/1.34G [00:55<01:17, 12.7MB/s]
Downloading:  27%|██▋       | 358M/1.34G [00:55<01:12, 13.6MB/s]
Downloading:  27%|██▋       | 360M/1.34G [00:55<01:06, 14.8MB/s]
Downloading:  27%|██▋       | 362M/1.34G [00:55<01:14, 13.3MB/s]
Downloading:  27%|██▋       | 364M/1.34G [00:55<01:08, 14.3MB/s]
Downloading:  27%|██▋       | 366M/1.34G [00:55<01:02, 15.5MB/s]
Downloading:  27%|██▋       | 367M/1.34G [00:56<01:10, 13.9MB/s]
Downloading:  27%|██▋       | 369M/1.34G [00:56<01:04, 15.1MB/s]
Downloading:  28%|██▊       | 371M/1.34G [00:56<01:00, 16.2MB/s]
Downloading:  28%|██▊       | 373M/1.34G [00:56<01:07, 14.4MB/s]
Downloading:  28%|██▊       | 375M/1.34G [00:56<01:01, 15.8MB/s]
Downloading:  28%|██▊       | 377M/1.34G [00:56<00:58, 16.6MB/s]
Downloading:  28%|██▊       | 379M/1.34G [00:56<01:04, 15.0MB/s]
Downloading:  28%|██▊       | 381M/1.34G [00:56<00:58, 16.5MB/s]
Downloading:  28%|██▊       | 383M/1.34G [00:57<00:53, 17.8MB/s]
Downloading:  29%|██▊       | 385M/1.34G [00:57<01:00, 15.9MB/s]
Downloading:  29%|██▉       | 387M/1.34G [00:57<00:55, 17.2MB/s]
Downloading:  29%|██▉       | 389M/1.34G [00:57<00:54, 17.5MB/s]
Downloading:  29%|██▉       | 391M/1.34G [00:57<00:59, 16.1MB/s]
Downloading:  29%|██▉       | 394M/1.34G [00:57<00:54, 17.5MB/s]
Downloading:  29%|██▉       | 395M/1.34G [00:57<00:53, 17.7MB/s]
Downloading:  30%|██▉       | 397M/1.34G [00:57<00:58, 16.2MB/s]
Downloading:  30%|██▉       | 400M/1.34G [00:57<00:53, 17.6MB/s]
Downloading:  30%|██▉       | 402M/1.34G [00:58<00:53, 17.6MB/s]
Downloading:  30%|███       | 404M/1.34G [00:58<00:57, 16.3MB/s]
Downloading:  30%|███       | 406M/1.34G [00:58<00:53, 17.6MB/s]
Downloading:  30%|███       | 408M/1.34G [00:58<00:53, 17.6MB/s]
Downloading:  30%|███       | 410M/1.34G [00:58<00:56, 16.5MB/s]
Downloading:  31%|███       | 412M/1.34G [00:58<00:51, 18.1MB/s]
Downloading:  31%|███       | 414M/1.34G [00:58<00:54, 17.2MB/s]
Downloading:  31%|███       | 416M/1.34G [00:58<00:56, 16.6MB/s]
Downloading:  31%|███       | 418M/1.34G [00:59<00:52, 17.8MB/s]
Downloading:  31%|███       | 420M/1.34G [00:59<00:54, 16.8MB/s]
Downloading:  31%|███▏      | 422M/1.34G [00:59<00:52, 17.4MB/s]
Downloading:  31%|███▏      | 424M/1.34G [00:59<00:52, 17.7MB/s]
Downloading:  32%|███▏      | 425M/1.34G [00:59<00:54, 16.8MB/s]
Downloading:  32%|███▏      | 428M/1.34G [00:59<00:50, 18.1MB/s]
Downloading:  32%|███▏      | 429M/1.34G [00:59<00:52, 17.3MB/s]
Downloading:  32%|███▏      | 431M/1.34G [00:59<00:52, 17.3MB/s]
Downloading:  32%|███▏      | 433M/1.34G [00:59<00:50, 17.9MB/s]
Downloading:  32%|███▏      | 435M/1.34G [00:59<00:55, 16.5MB/s]
Downloading:  32%|███▏      | 437M/1.34G [01:00<00:52, 17.1MB/s]
Downloading:  33%|███▎      | 439M/1.34G [01:00<00:50, 17.8MB/s]
Downloading:  33%|███▎      | 441M/1.34G [01:00<00:50, 17.9MB/s]
Downloading:  33%|███▎      | 443M/1.34G [01:00<00:51, 17.6MB/s]
Downloading:  33%|███▎      | 444M/1.34G [01:00<00:53, 16.7MB/s]
Downloading:  33%|███▎      | 446M/1.34G [01:00<00:52, 17.2MB/s]
Downloading:  33%|███▎      | 448M/1.34G [01:00<00:49, 18.0MB/s]
Downloading:  33%|███▎      | 450M/1.34G [01:00<00:49, 18.0MB/s]
Downloading:  34%|███▎      | 452M/1.34G [01:00<00:50, 17.7MB/s]
Downloading:  34%|███▎      | 454M/1.34G [01:01<00:53, 16.8MB/s]
Downloading:  34%|███▍      | 456M/1.34G [01:01<00:51, 17.2MB/s]
Downloading:  34%|███▍      | 458M/1.34G [01:01<00:49, 17.8MB/s]
Downloading:  34%|███▍      | 459M/1.34G [01:01<00:49, 17.7MB/s]
Downloading:  34%|███▍      | 461M/1.34G [01:01<00:49, 17.9MB/s]
Downloading:  34%|███▍      | 463M/1.34G [01:01<00:51, 17.2MB/s]
Downloading:  35%|███▍      | 465M/1.34G [01:01<00:51, 17.1MB/s]
Downloading:  35%|███▍      | 467M/1.34G [01:01<00:49, 17.7MB/s]
Downloading:  35%|███▍      | 469M/1.34G [01:01<00:49, 17.6MB/s]
Downloading:  35%|███▍      | 471M/1.34G [01:02<00:48, 18.0MB/s]
Downloading:  35%|███▌      | 472M/1.34G [01:02<00:49, 17.5MB/s]
Downloading:  35%|███▌      | 474M/1.34G [01:02<00:50, 17.1MB/s]
Downloading:  35%|███▌      | 476M/1.34G [01:02<00:49, 17.4MB/s]
Downloading:  36%|███▌      | 478M/1.34G [01:02<00:49, 17.6MB/s]
Downloading:  36%|███▌      | 480M/1.34G [01:02<00:48, 18.0MB/s]
Downloading:  36%|███▌      | 482M/1.34G [01:02<00:48, 17.7MB/s]
Downloading:  36%|███▌      | 484M/1.34G [01:02<00:47, 18.1MB/s]
Downloading:  36%|███▌      | 485M/1.34G [01:02<00:50, 17.1MB/s]
Downloading:  36%|███▌      | 487M/1.34G [01:02<00:49, 17.4MB/s]
Downloading:  36%|███▋      | 489M/1.34G [01:03<00:47, 18.0MB/s]
Downloading:  37%|███▋      | 491M/1.34G [01:03<00:48, 17.7MB/s]
Downloading:  37%|███▋      | 493M/1.34G [01:03<00:48, 17.7MB/s]
Downloading:  37%|███▋      | 495M/1.34G [01:03<00:49, 17.2MB/s]
Downloading:  37%|███▋      | 496M/1.34G [01:03<00:49, 17.1MB/s]
Downloading:  37%|███▋      | 498M/1.34G [01:03<00:48, 17.5MB/s]
Downloading:  37%|███▋      | 500M/1.34G [01:03<00:48, 17.6MB/s]
Downloading:  37%|███▋      | 502M/1.34G [01:03<00:47, 17.9MB/s]
Downloading:  37%|███▋      | 504M/1.34G [01:03<00:47, 17.8MB/s]
Downloading:  38%|███▊      | 505M/1.34G [01:04<00:49, 16.9MB/s]
Downloading:  38%|███▊      | 507M/1.34G [01:04<00:47, 17.6MB/s]
Downloading:  38%|███▊      | 509M/1.34G [01:04<00:47, 17.7MB/s]
Downloading:  38%|███▊      | 511M/1.34G [01:04<00:47, 17.5MB/s]
Downloading:  38%|███▊      | 513M/1.34G [01:04<00:46, 17.7MB/s]
Downloading:  38%|███▊      | 515M/1.34G [01:04<00:46, 17.9MB/s]
Downloading:  38%|███▊      | 516M/1.34G [01:04<00:47, 17.6MB/s]
Downloading:  39%|███▊      | 518M/1.34G [01:04<00:48, 17.1MB/s]
Downloading:  39%|███▊      | 520M/1.34G [01:04<00:47, 17.5MB/s]
Downloading:  39%|███▉      | 522M/1.34G [01:04<00:46, 17.6MB/s]
Downloading:  39%|███▉      | 524M/1.34G [01:05<00:46, 17.5MB/s]
Downloading:  39%|███▉      | 526M/1.34G [01:05<00:45, 17.9MB/s]
Downloading:  39%|███▉      | 527M/1.34G [01:05<00:48, 16.8MB/s]
Downloading:  39%|███▉      | 529M/1.34G [01:05<00:46, 17.7MB/s]
Downloading:  39%|███▉      | 531M/1.34G [01:05<00:46, 17.5MB/s]
Downloading:  40%|███▉      | 533M/1.34G [01:05<00:46, 17.4MB/s]
Downloading:  40%|███▉      | 535M/1.34G [01:05<00:45, 17.8MB/s]
Downloading:  40%|███▉      | 537M/1.34G [01:05<00:47, 17.1MB/s]
Downloading:  40%|████      | 539M/1.34G [01:05<00:45, 17.8MB/s]
Downloading:  40%|████      | 540M/1.34G [01:05<00:46, 17.4MB/s]
Downloading:  40%|████      | 542M/1.34G [01:06<00:46, 17.4MB/s]
Downloading:  40%|████      | 544M/1.34G [01:06<00:44, 17.9MB/s]
Downloading:  41%|████      | 546M/1.34G [01:06<00:46, 17.2MB/s]
Downloading:  41%|████      | 548M/1.34G [01:06<00:44, 17.9MB/s]
Downloading:  41%|████      | 550M/1.34G [01:06<00:45, 17.4MB/s]
Downloading:  41%|████      | 552M/1.34G [01:06<00:46, 17.2MB/s]
Downloading:  41%|████      | 554M/1.34G [01:06<00:44, 17.8MB/s]
Downloading:  41%|████▏     | 555M/1.34G [01:06<00:45, 17.2MB/s]
Downloading:  41%|████▏     | 557M/1.34G [01:06<00:43, 18.0MB/s]
Downloading:  42%|████▏     | 559M/1.34G [01:07<00:45, 17.3MB/s]
Downloading:  42%|████▏     | 561M/1.34G [01:07<00:45, 17.3MB/s]
Downloading:  42%|████▏     | 563M/1.34G [01:07<00:43, 17.9MB/s]
Downloading:  42%|████▏     | 565M/1.34G [01:07<00:45, 17.1MB/s]
Downloading:  42%|████▏     | 567M/1.34G [01:07<00:43, 18.0MB/s]
Downloading:  42%|████▏     | 569M/1.34G [01:07<00:44, 17.3MB/s]
Downloading:  42%|████▏     | 570M/1.34G [01:07<00:44, 17.4MB/s]
Downloading:  43%|████▎     | 572M/1.34G [01:07<00:43, 17.8MB/s]
Downloading:  43%|████▎     | 574M/1.34G [01:07<00:45, 17.1MB/s]
Downloading:  43%|████▎     | 576M/1.34G [01:08<00:42, 18.1MB/s]
Downloading:  43%|████▎     | 578M/1.34G [01:08<00:44, 17.3MB/s]
Downloading:  43%|████▎     | 580M/1.34G [01:08<00:43, 17.4MB/s]
Downloading:  43%|████▎     | 582M/1.34G [01:08<00:43, 17.7MB/s]
Downloading:  43%|████▎     | 583M/1.34G [01:08<00:44, 17.0MB/s]
Downloading:  44%|████▎     | 586M/1.34G [01:08<00:41, 18.1MB/s]
Downloading:  44%|████▎     | 587M/1.34G [01:08<00:44, 17.2MB/s]
Downloading:  44%|████▍     | 589M/1.34G [01:08<00:43, 17.4MB/s]
Downloading:  44%|████▍     | 591M/1.34G [01:08<00:42, 17.8MB/s]
Downloading:  44%|████▍     | 593M/1.34G [01:08<00:44, 17.0MB/s]
Downloading:  44%|████▍     | 595M/1.34G [01:09<00:41, 18.1MB/s]
Downloading:  44%|████▍     | 597M/1.34G [01:09<00:43, 17.3MB/s]
Downloading:  45%|████▍     | 599M/1.34G [01:09<00:42, 17.4MB/s]
Downloading:  45%|████▍     | 601M/1.34G [01:09<00:41, 17.8MB/s]
Downloading:  45%|████▍     | 602M/1.34G [01:09<00:43, 17.0MB/s]
Downloading:  45%|████▍     | 604M/1.34G [01:09<00:40, 18.2MB/s]
Downloading:  45%|████▌     | 606M/1.34G [01:09<00:42, 17.2MB/s]
Downloading:  45%|████▌     | 608M/1.34G [01:09<00:42, 17.4MB/s]
Downloading:  45%|████▌     | 610M/1.34G [01:09<00:41, 17.8MB/s]
Downloading:  45%|████▌     | 612M/1.34G [01:10<00:43, 16.9MB/s]
Downloading:  46%|████▌     | 614M/1.34G [01:10<00:40, 18.0MB/s]
Downloading:  46%|████▌     | 616M/1.34G [01:10<00:42, 17.2MB/s]
Downloading:  46%|████▌     | 618M/1.34G [01:10<00:44, 16.5MB/s]
Downloading:  46%|████▌     | 620M/1.34G [01:10<00:40, 18.0MB/s]
Downloading:  46%|████▌     | 622M/1.34G [01:10<00:42, 17.0MB/s]
Downloading:  46%|████▋     | 624M/1.34G [01:10<00:40, 17.7MB/s]
Downloading:  46%|████▋     | 625M/1.34G [01:10<00:40, 17.7MB/s]
Downloading:  47%|████▋     | 627M/1.34G [01:10<00:42, 16.7MB/s]
Downloading:  47%|████▋     | 629M/1.34G [01:11<00:39, 18.0MB/s]
Downloading:  47%|████▋     | 631M/1.34G [01:11<00:41, 17.1MB/s]
Downloading:  47%|████▋     | 633M/1.34G [01:11<00:42, 16.8MB/s]
Downloading:  47%|████▋     | 635M/1.34G [01:11<00:39, 18.0MB/s]
Downloading:  47%|████▋     | 637M/1.34G [01:11<00:41, 17.2MB/s]
Downloading:  48%|████▊     | 639M/1.34G [01:11<00:39, 17.8MB/s]
Downloading:  48%|████▊     | 641M/1.34G [01:11<00:39, 17.7MB/s]
Downloading:  48%|████▊     | 643M/1.34G [01:11<00:41, 16.7MB/s]
Downloading:  48%|████▊     | 645M/1.34G [01:11<00:39, 17.8MB/s]
Downloading:  48%|████▊     | 647M/1.34G [01:12<00:40, 17.3MB/s]
Downloading:  48%|████▊     | 649M/1.34G [01:12<00:38, 17.9MB/s]
Downloading:  48%|████▊     | 651M/1.34G [01:12<00:39, 17.7MB/s]
Downloading:  49%|████▊     | 652M/1.34G [01:12<00:41, 16.7MB/s]
Downloading:  49%|████▊     | 655M/1.34G [01:12<00:38, 17.9MB/s]
Downloading:  49%|████▉     | 656M/1.34G [01:12<00:39, 17.2MB/s]
Downloading:  49%|████▉     | 658M/1.34G [01:12<00:40, 17.1MB/s]
Downloading:  49%|████▉     | 660M/1.34G [01:12<00:38, 17.7MB/s]
Downloading:  49%|████▉     | 662M/1.34G [01:12<00:40, 16.8MB/s]
Downloading:  49%|████▉     | 664M/1.34G [01:13<00:37, 18.1MB/s]
Downloading:  50%|████▉     | 666M/1.34G [01:13<00:39, 17.4MB/s]
Downloading:  50%|████▉     | 668M/1.34G [01:13<00:40, 16.7MB/s]
Downloading:  50%|████▉     | 670M/1.34G [01:13<00:37, 17.8MB/s]
Downloading:  50%|████▉     | 672M/1.34G [01:13<00:38, 17.3MB/s]
Downloading:  50%|█████     | 674M/1.34G [01:13<00:37, 18.0MB/s]
Downloading:  50%|█████     | 676M/1.34G [01:13<00:38, 17.5MB/s]
Downloading:  50%|█████     | 677M/1.34G [01:13<00:40, 16.6MB/s]
Downloading:  51%|█████     | 679M/1.34G [01:13<00:37, 17.6MB/s]
Downloading:  51%|█████     | 681M/1.34G [01:13<00:38, 17.5MB/s]
Downloading:  51%|█████     | 683M/1.34G [01:14<00:38, 17.3MB/s]
Downloading:  51%|█████     | 685M/1.34G [01:14<00:37, 17.8MB/s]
Downloading:  51%|█████     | 687M/1.34G [01:14<00:38, 17.0MB/s]
Downloading:  51%|█████     | 689M/1.34G [01:14<00:36, 17.9MB/s]
Downloading:  51%|█████▏    | 691M/1.34G [01:14<00:37, 17.3MB/s]
Downloading:  51%|█████▏    | 693M/1.34G [01:14<00:37, 17.3MB/s]
Downloading:  52%|█████▏    | 695M/1.34G [01:14<00:36, 17.9MB/s]
Downloading:  52%|█████▏    | 696M/1.34G [01:14<00:38, 16.9MB/s]
Downloading:  52%|█████▏    | 698M/1.34G [01:14<00:36, 17.9MB/s]
Downloading:  52%|█████▏    | 700M/1.34G [01:15<00:37, 17.3MB/s]
Downloading:  52%|█████▏    | 702M/1.34G [01:15<00:36, 17.5MB/s]
Downloading:  52%|█████▏    | 704M/1.34G [01:15<00:36, 17.7MB/s]
Downloading:  52%|█████▏    | 706M/1.34G [01:15<00:37, 17.1MB/s]
Downloading:  53%|█████▎    | 708M/1.34G [01:15<00:35, 18.0MB/s]
Downloading:  53%|█████▎    | 709M/1.34G [01:15<00:37, 17.1MB/s]
Downloading:  53%|█████▎    | 711M/1.34G [01:15<00:36, 17.6MB/s]
Downloading:  53%|█████▎    | 713M/1.34G [01:15<00:36, 17.5MB/s]
Downloading:  53%|█████▎    | 715M/1.34G [01:15<00:36, 17.1MB/s]
Downloading:  53%|█████▎    | 717M/1.34G [01:16<00:34, 18.1MB/s]
Downloading:  53%|█████▎    | 719M/1.34G [01:16<00:36, 17.1MB/s]
Downloading:  54%|█████▎    | 721M/1.34G [01:16<00:35, 17.4MB/s]
Downloading:  54%|█████▎    | 722M/1.34G [01:16<00:35, 17.5MB/s]
Downloading:  54%|█████▍    | 724M/1.34G [01:16<00:36, 17.1MB/s]
Downloading:  54%|█████▍    | 726M/1.34G [01:16<00:34, 18.1MB/s]
Downloading:  54%|█████▍    | 728M/1.34G [01:16<00:36, 17.0MB/s]
Downloading:  54%|█████▍    | 730M/1.34G [01:16<00:35, 17.2MB/s]
Downloading:  54%|█████▍    | 732M/1.34G [01:16<00:34, 17.9MB/s]
Downloading:  55%|█████▍    | 734M/1.34G [01:16<00:35, 17.1MB/s]
Downloading:  55%|█████▍    | 736M/1.34G [01:17<00:33, 18.2MB/s]
Downloading:  55%|█████▍    | 738M/1.34G [01:17<00:35, 17.1MB/s]
Downloading:  55%|█████▍    | 740M/1.34G [01:17<00:35, 16.9MB/s]
Downloading:  55%|█████▌    | 742M/1.34G [01:17<00:34, 17.7MB/s]
Downloading:  55%|█████▌    | 743M/1.34G [01:17<00:35, 17.1MB/s]
Downloading:  55%|█████▌    | 745M/1.34G [01:17<00:33, 18.1MB/s]
Downloading:  56%|█████▌    | 747M/1.34G [01:17<00:34, 17.3MB/s]
Downloading:  56%|█████▌    | 749M/1.34G [01:17<00:35, 16.9MB/s]
Downloading:  56%|█████▌    | 751M/1.34G [01:17<00:33, 17.7MB/s]
Downloading:  56%|█████▌    | 753M/1.34G [01:18<00:34, 17.3MB/s]
Downloading:  56%|█████▌    | 755M/1.34G [01:18<00:33, 17.5MB/s]
Downloading:  56%|█████▋    | 757M/1.34G [01:18<00:33, 17.4MB/s]
Downloading:  56%|█████▋    | 758M/1.34G [01:18<00:34, 17.1MB/s]
Downloading:  57%|█████▋    | 760M/1.34G [01:18<00:32, 17.9MB/s]
Downloading:  57%|█████▋    | 762M/1.34G [01:18<00:33, 17.2MB/s]
Downloading:  57%|█████▋    | 764M/1.34G [01:18<00:32, 17.7MB/s]
Downloading:  57%|█████▋    | 766M/1.34G [01:18<00:33, 17.4MB/s]
Downloading:  57%|█████▋    | 768M/1.34G [01:18<00:33, 17.1MB/s]
Downloading:  57%|█████▋    | 770M/1.34G [01:19<00:32, 17.8MB/s]
Downloading:  57%|█████▋    | 772M/1.34G [01:19<00:32, 17.6MB/s]
Downloading:  58%|█████▊    | 774M/1.34G [01:19<00:32, 17.8MB/s]
Downloading:  58%|█████▊    | 775M/1.34G [01:19<00:32, 17.4MB/s]
Downloading:  58%|█████▊    | 777M/1.34G [01:19<00:33, 17.1MB/s]
Downloading:  58%|█████▊    | 779M/1.34G [01:19<00:31, 17.7MB/s]
Downloading:  58%|█████▊    | 781M/1.34G [01:19<00:32, 17.5MB/s]
Downloading:  58%|█████▊    | 783M/1.34G [01:19<00:30, 18.3MB/s]
Downloading:  58%|█████▊    | 785M/1.34G [01:19<00:32, 17.2MB/s]
Downloading:  58%|█████▊    | 787M/1.34G [01:19<00:32, 17.1MB/s]
Downloading:  59%|█████▊    | 788M/1.34G [01:20<00:31, 17.6MB/s]
Downloading:  59%|█████▉    | 790M/1.34G [01:20<00:31, 17.4MB/s]
Downloading:  59%|█████▉    | 792M/1.34G [01:20<00:30, 18.2MB/s]
Downloading:  59%|█████▉    | 794M/1.34G [01:20<00:32, 17.1MB/s]
Downloading:  59%|█████▉    | 796M/1.34G [01:20<00:31, 17.2MB/s]
Downloading:  59%|█████▉    | 798M/1.34G [01:20<00:31, 17.4MB/s]
Downloading:  59%|█████▉    | 799M/1.34G [01:20<00:31, 17.5MB/s]
Downloading:  60%|█████▉    | 801M/1.34G [01:20<00:30, 18.1MB/s]
Downloading:  60%|█████▉    | 803M/1.34G [01:20<00:31, 17.0MB/s]
Downloading:  60%|█████▉    | 805M/1.34G [01:21<00:30, 17.5MB/s]
Downloading:  60%|█████▉    | 807M/1.34G [01:21<00:30, 17.6MB/s]
Downloading:  60%|██████    | 809M/1.34G [01:21<00:30, 17.4MB/s]
Downloading:  60%|██████    | 811M/1.34G [01:21<00:30, 17.8MB/s]
Downloading:  60%|██████    | 812M/1.34G [01:21<00:30, 17.3MB/s]
Downloading:  61%|██████    | 814M/1.34G [01:21<00:30, 17.7MB/s]
Downloading:  61%|██████    | 816M/1.34G [01:21<00:30, 17.4MB/s]
Downloading:  61%|██████    | 818M/1.34G [01:21<00:29, 17.6MB/s]
Downloading:  61%|██████    | 820M/1.34G [01:21<00:29, 17.8MB/s]
Downloading:  61%|██████    | 821M/1.34G [01:21<00:29, 17.7MB/s]
Downloading:  61%|██████    | 823M/1.34G [01:22<00:28, 18.0MB/s]
Downloading:  61%|██████▏   | 825M/1.34G [01:22<00:30, 17.2MB/s]
Downloading:  61%|██████▏   | 827M/1.34G [01:22<00:29, 17.5MB/s]
Downloading:  62%|██████▏   | 829M/1.34G [01:22<00:29, 17.4MB/s]
Downloading:  62%|██████▏   | 830M/1.34G [01:22<00:29, 17.5MB/s]
Downloading:  62%|██████▏   | 832M/1.34G [01:22<00:28, 17.8MB/s]
Downloading:  62%|██████▏   | 834M/1.34G [01:22<00:29, 17.5MB/s]
Downloading:  62%|██████▏   | 836M/1.34G [01:22<00:28, 17.6MB/s]
Downloading:  62%|██████▏   | 838M/1.34G [01:22<00:29, 17.4MB/s]
Downloading:  62%|██████▏   | 839M/1.34G [01:23<00:28, 17.6MB/s]
Downloading:  63%|██████▎   | 841M/1.34G [01:23<00:28, 17.4MB/s]
Downloading:  63%|██████▎   | 843M/1.34G [01:23<00:28, 17.5MB/s]
Downloading:  63%|██████▎   | 845M/1.34G [01:23<00:27, 17.9MB/s]
Downloading:  63%|██████▎   | 847M/1.34G [01:23<00:28, 17.5MB/s]
Downloading:  63%|██████▎   | 849M/1.34G [01:23<00:28, 17.6MB/s]
Downloading:  63%|██████▎   | 850M/1.34G [01:23<00:28, 17.2MB/s]
Downloading:  63%|██████▎   | 852M/1.34G [01:23<00:27, 17.8MB/s]
Downloading:  63%|██████▎   | 854M/1.34G [01:23<00:27, 17.8MB/s]
Downloading:  64%|██████▎   | 856M/1.34G [01:23<00:27, 17.7MB/s]
Downloading:  64%|██████▍   | 858M/1.34G [01:24<00:27, 17.6MB/s]
Downloading:  64%|██████▍   | 859M/1.34G [01:24<00:27, 17.6MB/s]
Downloading:  64%|██████▍   | 861M/1.34G [01:24<00:27, 17.7MB/s]
Downloading:  64%|██████▍   | 863M/1.34G [01:24<00:28, 17.2MB/s]
Downloading:  64%|██████▍   | 865M/1.34G [01:24<00:27, 17.7MB/s]
Downloading:  64%|██████▍   | 867M/1.34G [01:24<00:26, 17.7MB/s]
Downloading:  65%|██████▍   | 869M/1.34G [01:24<00:27, 17.3MB/s]
Downloading:  65%|██████▍   | 870M/1.34G [01:24<00:27, 17.5MB/s]
Downloading:  65%|██████▍   | 872M/1.34G [01:24<00:27, 17.3MB/s]
Downloading:  65%|██████▍   | 874M/1.34G [01:24<00:26, 17.8MB/s]
Downloading:  65%|██████▌   | 876M/1.34G [01:25<00:26, 17.8MB/s]
Downloading:  65%|██████▌   | 878M/1.34G [01:25<00:26, 17.6MB/s]
Downloading:  65%|██████▌   | 879M/1.34G [01:25<00:26, 17.5MB/s]
Downloading:  66%|██████▌   | 881M/1.34G [01:25<00:26, 17.6MB/s]
Downloading:  66%|██████▌   | 883M/1.34G [01:25<00:26, 17.6MB/s]
Downloading:  66%|██████▌   | 885M/1.34G [01:25<00:26, 17.4MB/s]
Downloading:  66%|██████▌   | 887M/1.34G [01:25<00:25, 17.8MB/s]
Downloading:  66%|██████▌   | 888M/1.34G [01:25<00:25, 17.8MB/s]
Downloading:  66%|██████▌   | 890M/1.34G [01:25<00:26, 17.4MB/s]
Downloading:  66%|██████▋   | 892M/1.34G [01:25<00:25, 17.7MB/s]
Downloading:  66%|██████▋   | 894M/1.34G [01:26<00:25, 17.7MB/s]
Downloading:  67%|██████▋   | 896M/1.34G [01:26<00:25, 17.8MB/s]
Downloading:  67%|██████▋   | 898M/1.34G [01:26<00:25, 17.4MB/s]
Downloading:  67%|██████▋   | 899M/1.34G [01:26<00:25, 17.7MB/s]
Downloading:  67%|██████▋   | 901M/1.34G [01:26<00:24, 17.8MB/s]
Downloading:  67%|██████▋   | 903M/1.34G [01:26<00:25, 17.2MB/s]
Downloading:  67%|██████▋   | 905M/1.34G [01:26<00:25, 17.5MB/s]
Downloading:  67%|██████▋   | 907M/1.34G [01:26<00:25, 17.4MB/s]
Downloading:  68%|██████▊   | 908M/1.34G [01:26<00:24, 17.8MB/s]
Downloading:  68%|██████▊   | 910M/1.34G [01:27<00:24, 17.6MB/s]
Downloading:  68%|██████▊   | 912M/1.34G [01:27<00:24, 17.7MB/s]
Downloading:  68%|██████▊   | 914M/1.34G [01:27<00:24, 17.5MB/s]
Downloading:  68%|██████▊   | 916M/1.34G [01:27<00:24, 17.5MB/s]
Downloading:  68%|██████▊   | 917M/1.34G [01:27<00:24, 17.7MB/s]
Downloading:  68%|██████▊   | 919M/1.34G [01:27<00:24, 17.5MB/s]
Downloading:  68%|██████▊   | 921M/1.34G [01:27<00:23, 18.0MB/s]
Downloading:  69%|██████▊   | 923M/1.34G [01:27<00:23, 17.7MB/s]
Downloading:  69%|██████▉   | 925M/1.34G [01:27<00:24, 17.5MB/s]
Downloading:  69%|██████▉   | 926M/1.34G [01:27<00:23, 17.5MB/s]
Downloading:  69%|██████▉   | 928M/1.34G [01:28<00:23, 17.5MB/s]
Downloading:  69%|██████▉   | 930M/1.34G [01:28<00:23, 17.6MB/s]
Downloading:  69%|██████▉   | 932M/1.34G [01:28<00:23, 17.3MB/s]
Downloading:  69%|██████▉   | 934M/1.34G [01:28<00:23, 17.8MB/s]
Downloading:  70%|██████▉   | 935M/1.34G [01:28<00:23, 17.7MB/s]
Downloading:  70%|██████▉   | 937M/1.34G [01:28<00:23, 17.5MB/s]
Downloading:  70%|██████▉   | 939M/1.34G [01:28<00:23, 17.4MB/s]
Downloading:  70%|██████▉   | 941M/1.34G [01:28<00:23, 17.5MB/s]
Downloading:  70%|███████   | 943M/1.34G [01:28<00:22, 17.5MB/s]
Downloading:  70%|███████   | 944M/1.34G [01:28<00:22, 17.5MB/s]
Downloading:  70%|███████   | 946M/1.34G [01:29<00:22, 18.1MB/s]
Downloading:  70%|███████   | 948M/1.34G [01:29<00:22, 17.5MB/s]
Downloading:  71%|███████   | 950M/1.34G [01:29<00:22, 17.3MB/s]
Downloading:  71%|███████   | 952M/1.34G [01:29<00:22, 17.6MB/s]
Downloading:  71%|███████   | 954M/1.34G [01:29<00:22, 17.5MB/s]
Downloading:  71%|███████   | 956M/1.34G [01:29<00:21, 17.9MB/s]
Downloading:  71%|███████   | 957M/1.34G [01:29<00:22, 17.0MB/s]
Downloading:  71%|███████▏  | 959M/1.34G [01:29<00:22, 17.4MB/s]
Downloading:  71%|███████▏  | 961M/1.34G [01:29<00:21, 17.7MB/s]
Downloading:  72%|███████▏  | 963M/1.34G [01:30<00:21, 17.6MB/s]
Downloading:  72%|███████▏  | 965M/1.34G [01:30<00:21, 17.8MB/s]
Downloading:  72%|███████▏  | 966M/1.34G [01:30<00:21, 17.2MB/s]
Downloading:  72%|███████▏  | 968M/1.34G [01:30<00:20, 18.0MB/s]
Downloading:  72%|███████▏  | 970M/1.34G [01:30<00:21, 17.4MB/s]
Downloading:  72%|███████▏  | 972M/1.34G [01:30<00:21, 17.3MB/s]
Downloading:  72%|███████▏  | 974M/1.34G [01:30<00:20, 17.8MB/s]
Downloading:  73%|███████▎  | 976M/1.34G [01:30<00:20, 17.7MB/s]
Downloading:  73%|███████▎  | 978M/1.34G [01:30<00:20, 18.0MB/s]
Downloading:  73%|███████▎  | 979M/1.34G [01:30<00:21, 17.1MB/s]
Downloading:  73%|███████▎  | 981M/1.34G [01:31<00:20, 17.5MB/s]
Downloading:  73%|███████▎  | 983M/1.34G [01:31<00:20, 17.4MB/s]
Downloading:  73%|███████▎  | 985M/1.34G [01:31<00:20, 17.6MB/s]
Downloading:  73%|███████▎  | 987M/1.34G [01:31<00:20, 17.7MB/s]
Downloading:  73%|███████▎  | 988M/1.34G [01:31<00:21, 16.9MB/s]
Downloading:  74%|███████▎  | 991M/1.34G [01:31<00:19, 17.8MB/s]
Downloading:  74%|███████▍  | 992M/1.34G [01:31<00:20, 17.4MB/s]
Downloading:  74%|███████▍  | 994M/1.34G [01:31<00:20, 17.4MB/s]
Downloading:  74%|███████▍  | 996M/1.34G [01:31<00:19, 17.9MB/s]
Downloading:  74%|███████▍  | 998M/1.34G [01:32<00:20, 17.0MB/s]
Downloading:  74%|███████▍  | 1.00G/1.34G [01:32<00:19, 18.0MB/s]
Downloading:  74%|███████▍  | 1.00G/1.34G [01:32<00:19, 17.3MB/s]
Downloading:  75%|███████▍  | 1.00G/1.34G [01:32<00:19, 17.5MB/s]
Downloading:  75%|███████▍  | 1.01G/1.34G [01:32<00:19, 17.7MB/s]
Downloading:  75%|███████▍  | 1.01G/1.34G [01:32<00:19, 17.6MB/s]
Downloading:  75%|███████▌  | 1.01G/1.34G [01:32<00:18, 18.0MB/s]
Downloading:  75%|███████▌  | 1.01G/1.34G [01:32<00:19, 17.0MB/s]
Downloading:  75%|███████▌  | 1.01G/1.34G [01:32<00:18, 17.5MB/s]
Downloading:  75%|███████▌  | 1.01G/1.34G [01:32<00:18, 17.8MB/s]
Downloading:  76%|███████▌  | 1.02G/1.34G [01:33<00:18, 17.7MB/s]
Downloading:  76%|███████▌  | 1.02G/1.34G [01:33<00:18, 18.0MB/s]
Downloading:  76%|███████▌  | 1.02G/1.34G [01:33<00:19, 16.8MB/s]
Downloading:  76%|███████▌  | 1.02G/1.34G [01:33<00:18, 17.5MB/s]
Downloading:  76%|███████▌  | 1.02G/1.34G [01:33<00:18, 17.8MB/s]
Downloading:  76%|███████▋  | 1.03G/1.34G [01:33<00:18, 17.6MB/s]
Downloading:  76%|███████▋  | 1.03G/1.34G [01:33<00:17, 17.9MB/s]
Downloading:  77%|███████▋  | 1.03G/1.34G [01:33<00:18, 17.1MB/s]
Downloading:  77%|███████▋  | 1.03G/1.34G [01:33<00:17, 17.8MB/s]
Downloading:  77%|███████▋  | 1.03G/1.34G [01:34<00:17, 17.6MB/s]
Downloading:  77%|███████▋  | 1.04G/1.34G [01:34<00:17, 17.4MB/s]
Downloading:  77%|███████▋  | 1.04G/1.34G [01:34<00:17, 17.8MB/s]
Downloading:  77%|███████▋  | 1.04G/1.34G [01:34<00:17, 17.1MB/s]
Downloading:  77%|███████▋  | 1.04G/1.34G [01:34<00:16, 18.0MB/s]
Downloading:  78%|███████▊  | 1.04G/1.34G [01:34<00:17, 17.4MB/s]
Downloading:  78%|███████▊  | 1.04G/1.34G [01:34<00:17, 17.3MB/s]
Downloading:  78%|███████▊  | 1.05G/1.34G [01:34<00:16, 17.7MB/s]
Downloading:  78%|███████▊  | 1.05G/1.34G [01:34<00:17, 17.1MB/s]
Downloading:  78%|███████▊  | 1.05G/1.34G [01:34<00:16, 18.1MB/s]
Downloading:  78%|███████▊  | 1.05G/1.34G [01:35<00:16, 17.5MB/s]
Downloading:  78%|███████▊  | 1.05G/1.34G [01:35<00:16, 17.3MB/s]
Downloading:  79%|███████▊  | 1.06G/1.34G [01:35<00:16, 17.8MB/s]
Downloading:  79%|███████▊  | 1.06G/1.34G [01:35<00:16, 17.1MB/s]
Downloading:  79%|███████▉  | 1.06G/1.34G [01:35<00:15, 18.0MB/s]
Downloading:  79%|███████▉  | 1.06G/1.34G [01:35<00:16, 17.4MB/s]
Downloading:  79%|███████▉  | 1.06G/1.34G [01:35<00:16, 17.2MB/s]
Downloading:  79%|███████▉  | 1.07G/1.34G [01:35<00:15, 17.7MB/s]
Downloading:  79%|███████▉  | 1.07G/1.34G [01:35<00:16, 17.2MB/s]
Downloading:  79%|███████▉  | 1.07G/1.34G [01:36<00:15, 18.2MB/s]
Downloading:  80%|███████▉  | 1.07G/1.34G [01:36<00:15, 17.3MB/s]
Downloading:  80%|███████▉  | 1.07G/1.34G [01:36<00:15, 17.2MB/s]
Downloading:  80%|███████▉  | 1.07G/1.34G [01:36<00:15, 17.7MB/s]
Downloading:  80%|████████  | 1.08G/1.34G [01:36<00:15, 17.3MB/s]
Downloading:  80%|████████  | 1.08G/1.34G [01:36<00:14, 18.2MB/s]
Downloading:  80%|████████  | 1.08G/1.34G [01:36<00:15, 17.2MB/s]
Downloading:  80%|████████  | 1.08G/1.34G [01:36<00:15, 17.2MB/s]
Downloading:  81%|████████  | 1.08G/1.34G [01:36<00:14, 17.7MB/s]
Downloading:  81%|████████  | 1.09G/1.34G [01:37<00:14, 17.3MB/s]
Downloading:  81%|████████  | 1.09G/1.34G [01:37<00:14, 18.2MB/s]
Downloading:  81%|████████  | 1.09G/1.34G [01:37<00:14, 17.2MB/s]
Downloading:  81%|████████  | 1.09G/1.34G [01:37<00:14, 17.2MB/s]
Downloading:  81%|████████▏ | 1.09G/1.34G [01:37<00:14, 17.8MB/s]
Downloading:  81%|████████▏ | 1.10G/1.34G [01:37<00:14, 17.1MB/s]
Downloading:  82%|████████▏ | 1.10G/1.34G [01:37<00:13, 18.3MB/s]
Downloading:  82%|████████▏ | 1.10G/1.34G [01:37<00:14, 17.4MB/s]
Downloading:  82%|████████▏ | 1.10G/1.34G [01:37<00:14, 16.8MB/s]
Downloading:  82%|████████▏ | 1.10G/1.34G [01:37<00:13, 17.8MB/s]
Downloading:  82%|████████▏ | 1.10G/1.34G [01:38<00:14, 17.0MB/s]
Downloading:  82%|████████▏ | 1.11G/1.34G [01:38<00:13, 17.8MB/s]
Downloading:  82%|████████▏ | 1.11G/1.34G [01:38<00:13, 17.6MB/s]
Downloading:  83%|████████▎ | 1.11G/1.34G [01:38<00:14, 16.7MB/s]
Downloading:  83%|████████▎ | 1.11G/1.34G [01:38<00:12, 17.9MB/s]
Downloading:  83%|████████▎ | 1.11G/1.34G [01:38<00:13, 17.2MB/s]
Downloading:  83%|████████▎ | 1.12G/1.34G [01:38<00:13, 17.4MB/s]
Downloading:  83%|████████▎ | 1.12G/1.34G [01:38<00:12, 17.9MB/s]
Downloading:  83%|████████▎ | 1.12G/1.34G [01:38<00:13, 16.9MB/s]
Downloading:  83%|████████▎ | 1.12G/1.34G [01:39<00:12, 18.2MB/s]
Downloading:  84%|████████▎ | 1.12G/1.34G [01:39<00:12, 17.4MB/s]
Downloading:  84%|████████▎ | 1.13G/1.34G [01:39<00:13, 16.8MB/s]
Downloading:  84%|████████▍ | 1.13G/1.34G [01:39<00:12, 17.8MB/s]
Downloading:  84%|████████▍ | 1.13G/1.34G [01:39<00:12, 17.1MB/s]
Downloading:  84%|████████▍ | 1.13G/1.34G [01:39<00:11, 17.8MB/s]
Downloading:  84%|████████▍ | 1.13G/1.34G [01:39<00:12, 17.6MB/s]
Downloading:  84%|████████▍ | 1.14G/1.34G [01:39<00:12, 16.9MB/s]
Downloading:  85%|████████▍ | 1.14G/1.34G [01:39<00:11, 18.0MB/s]
Downloading:  85%|████████▍ | 1.14G/1.34G [01:40<00:11, 17.3MB/s]
Downloading:  85%|████████▍ | 1.14G/1.34G [01:40<00:11, 17.6MB/s]
Downloading:  85%|████████▍ | 1.14G/1.34G [01:40<00:11, 17.5MB/s]
Downloading:  85%|████████▌ | 1.14G/1.34G [01:40<00:11, 16.7MB/s]
Downloading:  85%|████████▌ | 1.15G/1.34G [01:40<00:11, 17.8MB/s]
Downloading:  85%|████████▌ | 1.15G/1.34G [01:40<00:11, 17.4MB/s]
Downloading:  86%|████████▌ | 1.15G/1.34G [01:40<00:10, 17.8MB/s]
Downloading:  86%|████████▌ | 1.15G/1.34G [01:40<00:10, 17.6MB/s]
Downloading:  86%|████████▌ | 1.15G/1.34G [01:40<00:11, 16.6MB/s]
Downloading:  86%|████████▌ | 1.16G/1.34G [01:41<00:10, 17.9MB/s]
Downloading:  86%|████████▌ | 1.16G/1.34G [01:41<00:10, 17.4MB/s]
Downloading:  86%|████████▋ | 1.16G/1.34G [01:41<00:10, 17.4MB/s]
Downloading:  86%|████████▋ | 1.16G/1.34G [01:41<00:10, 17.8MB/s]
Downloading:  87%|████████▋ | 1.16G/1.34G [01:41<00:10, 16.7MB/s]
Downloading:  87%|████████▋ | 1.17G/1.34G [01:41<00:09, 18.0MB/s]
Downloading:  87%|████████▋ | 1.17G/1.34G [01:41<00:10, 17.4MB/s]
Downloading:  87%|████████▋ | 1.17G/1.34G [01:41<00:10, 17.2MB/s]
Downloading:  87%|████████▋ | 1.17G/1.34G [01:41<00:09, 17.8MB/s]
Downloading:  87%|████████▋ | 1.17G/1.34G [01:42<00:10, 16.9MB/s]
Downloading:  87%|████████▋ | 1.18G/1.34G [01:42<00:09, 18.0MB/s]
Downloading:  88%|████████▊ | 1.18G/1.34G [01:42<00:09, 17.6MB/s]
Downloading:  88%|████████▊ | 1.18G/1.34G [01:42<00:09, 17.2MB/s]
Downloading:  88%|████████▊ | 1.18G/1.34G [01:42<00:09, 18.2MB/s]
Downloading:  88%|████████▊ | 1.18G/1.34G [01:42<00:09, 16.9MB/s]
Downloading:  88%|████████▊ | 1.19G/1.34G [01:42<00:09, 17.5MB/s]
Downloading:  88%|████████▊ | 1.19G/1.34G [01:42<00:08, 17.8MB/s]
Downloading:  88%|████████▊ | 1.19G/1.34G [01:42<00:09, 16.9MB/s]
Downloading:  89%|████████▊ | 1.19G/1.34G [01:42<00:08, 17.9MB/s]
Downloading:  89%|████████▊ | 1.19G/1.34G [01:43<00:08, 17.2MB/s]
Downloading:  89%|████████▉ | 1.19G/1.34G [01:43<00:08, 17.5MB/s]
Downloading:  89%|████████▉ | 1.20G/1.34G [01:43<00:08, 18.0MB/s]
Downloading:  89%|████████▉ | 1.20G/1.34G [01:43<00:08, 16.8MB/s]
Downloading:  89%|████████▉ | 1.20G/1.34G [01:43<00:08, 17.8MB/s]
Downloading:  89%|████████▉ | 1.20G/1.34G [01:43<00:08, 17.4MB/s]
Downloading:  90%|████████▉ | 1.20G/1.34G [01:43<00:08, 17.5MB/s]
Downloading:  90%|████████▉ | 1.21G/1.34G [01:43<00:07, 17.9MB/s]
Downloading:  90%|████████▉ | 1.21G/1.34G [01:43<00:08, 16.8MB/s]
Downloading:  90%|████████▉ | 1.21G/1.34G [01:44<00:07, 17.7MB/s]
Downloading:  90%|█████████ | 1.21G/1.34G [01:44<00:07, 17.5MB/s]
Downloading:  90%|█████████ | 1.21G/1.34G [01:44<00:07, 17.5MB/s]
Downloading:  90%|█████████ | 1.22G/1.34G [01:44<00:07, 18.1MB/s]
Downloading:  91%|█████████ | 1.22G/1.34G [01:44<00:07, 16.8MB/s]
Downloading:  91%|█████████ | 1.22G/1.34G [01:44<00:07, 17.7MB/s]
Downloading:  91%|█████████ | 1.22G/1.34G [01:44<00:07, 17.6MB/s]
Downloading:  91%|█████████ | 1.22G/1.34G [01:44<00:06, 17.6MB/s]
Downloading:  91%|█████████ | 1.23G/1.34G [01:44<00:06, 18.3MB/s]
Downloading:  91%|█████████ | 1.23G/1.34G [01:45<00:07, 16.9MB/s]
Downloading:  91%|█████████▏| 1.23G/1.34G [01:45<00:06, 17.5MB/s]
Downloading:  92%|█████████▏| 1.23G/1.34G [01:45<00:06, 17.6MB/s]
Downloading:  92%|█████████▏| 1.23G/1.34G [01:45<00:06, 17.7MB/s]
Downloading:  92%|█████████▏| 1.23G/1.34G [01:45<00:06, 18.3MB/s]
Downloading:  92%|█████████▏| 1.24G/1.34G [01:45<00:06, 16.7MB/s]
Downloading:  92%|█████████▏| 1.24G/1.34G [01:45<00:06, 17.6MB/s]
Downloading:  92%|█████████▏| 1.24G/1.34G [01:45<00:05, 17.5MB/s]
Downloading:  92%|█████████▏| 1.24G/1.34G [01:45<00:05, 17.4MB/s]
Downloading:  92%|█████████▏| 1.24G/1.34G [01:45<00:05, 18.2MB/s]
Downloading:  93%|█████████▎| 1.25G/1.34G [01:46<00:05, 17.0MB/s]
Downloading:  93%|█████████▎| 1.25G/1.34G [01:46<00:05, 17.6MB/s]
Downloading:  93%|█████████▎| 1.25G/1.34G [01:46<00:05, 17.6MB/s]
Downloading:  93%|█████████▎| 1.25G/1.34G [01:46<00:05, 17.3MB/s]
Downloading:  93%|█████████▎| 1.25G/1.34G [01:46<00:05, 18.3MB/s]
Downloading:  93%|█████████▎| 1.26G/1.34G [01:46<00:05, 17.1MB/s]
Downloading:  93%|█████████▎| 1.26G/1.34G [01:46<00:05, 17.5MB/s]
Downloading:  94%|█████████▎| 1.26G/1.34G [01:46<00:04, 17.5MB/s]
Downloading:  94%|█████████▎| 1.26G/1.34G [01:46<00:04, 17.3MB/s]
Downloading:  94%|█████████▍| 1.26G/1.34G [01:47<00:04, 18.2MB/s]
Downloading:  94%|█████████▍| 1.26G/1.34G [01:47<00:04, 17.0MB/s]
Downloading:  94%|█████████▍| 1.27G/1.34G [01:47<00:04, 17.6MB/s]
Downloading:  94%|█████████▍| 1.27G/1.34G [01:47<00:04, 17.6MB/s]
Downloading:  94%|█████████▍| 1.27G/1.34G [01:47<00:04, 17.3MB/s]
Downloading:  95%|█████████▍| 1.27G/1.34G [01:47<00:03, 18.3MB/s]
Downloading:  95%|█████████▍| 1.27G/1.34G [01:47<00:04, 17.1MB/s]
Downloading:  95%|█████████▍| 1.28G/1.34G [01:47<00:03, 17.5MB/s]
Downloading:  95%|█████████▍| 1.28G/1.34G [01:47<00:03, 17.6MB/s]
Downloading:  95%|█████████▌| 1.28G/1.34G [01:48<00:03, 17.1MB/s]
Downloading:  95%|█████████▌| 1.28G/1.34G [01:48<00:03, 18.1MB/s]
Downloading:  95%|█████████▌| 1.28G/1.34G [01:48<00:03, 17.2MB/s]
Downloading:  96%|█████████▌| 1.29G/1.34G [01:48<00:03, 17.6MB/s]
Downloading:  96%|█████████▌| 1.29G/1.34G [01:48<00:03, 17.6MB/s]
Downloading:  96%|█████████▌| 1.29G/1.34G [01:48<00:03, 17.1MB/s]
Downloading:  96%|█████████▌| 1.29G/1.34G [01:48<00:02, 18.1MB/s]
Downloading:  96%|█████████▌| 1.29G/1.34G [01:48<00:03, 17.1MB/s]
Downloading:  96%|█████████▋| 1.29G/1.34G [01:48<00:02, 17.6MB/s]
Downloading:  96%|█████████▋| 1.30G/1.34G [01:48<00:02, 17.8MB/s]
Downloading:  97%|█████████▋| 1.30G/1.34G [01:49<00:02, 17.4MB/s]
Downloading:  97%|█████████▋| 1.30G/1.34G [01:49<00:02, 18.1MB/s]
Downloading:  97%|█████████▋| 1.30G/1.34G [01:49<00:02, 17.1MB/s]
Downloading:  97%|█████████▋| 1.30G/1.34G [01:49<00:02, 17.7MB/s]
Downloading:  97%|█████████▋| 1.31G/1.34G [01:49<00:02, 17.8MB/s]
Downloading:  97%|█████████▋| 1.31G/1.34G [01:49<00:02, 17.2MB/s]
Downloading:  97%|█████████▋| 1.31G/1.34G [01:49<00:01, 18.0MB/s]
Downloading:  98%|█████████▊| 1.31G/1.34G [01:49<00:01, 17.1MB/s]
Downloading:  98%|█████████▊| 1.31G/1.34G [01:49<00:01, 17.7MB/s]
Downloading:  98%|█████████▊| 1.32G/1.34G [01:50<00:01, 17.7MB/s]
Downloading:  98%|█████████▊| 1.32G/1.34G [01:50<00:01, 17.1MB/s]
Downloading:  98%|█████████▊| 1.32G/1.34G [01:50<00:01, 17.9MB/s]
Downloading:  98%|█████████▊| 1.32G/1.34G [01:50<00:01, 17.2MB/s]
Downloading:  98%|█████████▊| 1.32G/1.34G [01:50<00:01, 17.8MB/s]
Downloading:  98%|█████████▊| 1.32G/1.34G [01:50<00:01, 17.7MB/s]
Downloading:  99%|█████████▊| 1.33G/1.34G [01:50<00:01, 17.0MB/s]
Downloading:  99%|█████████▉| 1.33G/1.34G [01:50<00:00, 18.0MB/s]
Downloading:  99%|█████████▉| 1.33G/1.34G [01:50<00:00, 17.1MB/s]
Downloading:  99%|█████████▉| 1.33G/1.34G [01:51<00:00, 17.5MB/s]
Downloading:  99%|█████████▉| 1.33G/1.34G [01:51<00:00, 18.1MB/s]
Downloading:  99%|█████████▉| 1.34G/1.34G [01:51<00:00, 17.0MB/s]
Downloading: 100%|█████████▉| 1.34G/1.34G [01:51<00:00, 18.0MB/s]
Downloading: 100%|█████████▉| 1.34G/1.34G [01:51<00:00, 17.3MB/s]
Downloading: 100%|█████████▉| 1.34G/1.34G [01:51<00:00, 17.0MB/s]
Downloading: 100%|█████████▉| 1.34G/1.34G [01:51<00:00, 17.9MB/s]
Downloading: 100%|██████████| 1.34G/1.34G [01:51<00:00, 12.0MB/s]
I1115 13:08:23.976529 47715480541888 file_utils.py:489] storing https://s3.amazonaws.com/models.huggingface.co/bert/bert-large-uncased-pytorch_model.bin in cache at /home/u00461/.cache/torch/transformers/54da47087cc86ce75324e4dc9bbb5f66c6e83a7c6bd23baea8b489acc8d09aa4.4d5343a4b979c4beeaadef17a0453d1bb183dd9b084f58b84c7cc781df343ae6
I1115 13:08:23.977741 47715480541888 file_utils.py:492] creating metadata file for /home/u00461/.cache/torch/transformers/54da47087cc86ce75324e4dc9bbb5f66c6e83a7c6bd23baea8b489acc8d09aa4.4d5343a4b979c4beeaadef17a0453d1bb183dd9b084f58b84c7cc781df343ae6
I1115 13:08:23.979402 47715480541888 filelock.py:318] Lock 47717263491928 released on /home/u00461/.cache/torch/transformers/54da47087cc86ce75324e4dc9bbb5f66c6e83a7c6bd23baea8b489acc8d09aa4.4d5343a4b979c4beeaadef17a0453d1bb183dd9b084f58b84c7cc781df343ae6.lock
I1115 13:08:23.979625 47715480541888 modeling_utils.py:461] loading weights file https://s3.amazonaws.com/models.huggingface.co/bert/bert-large-uncased-pytorch_model.bin from cache at /home/u00461/.cache/torch/transformers/54da47087cc86ce75324e4dc9bbb5f66c6e83a7c6bd23baea8b489acc8d09aa4.4d5343a4b979c4beeaadef17a0453d1bb183dd9b084f58b84c7cc781df343ae6
I1115 13:08:37.966925 47715480541888 modeling_utils.py:546] Weights of BertForSequenceClassification not initialized from pretrained model: ['classifier.weight', 'classifier.bias']
I1115 13:08:37.967223 47715480541888 modeling_utils.py:552] Weights from pretrained model not used in BertForSequenceClassification: ['cls.predictions.bias', 'cls.predictions.transform.dense.weight', 'cls.predictions.transform.dense.bias', 'cls.predictions.decoder.weight', 'cls.seq_relationship.weight', 'cls.seq_relationship.bias', 'cls.predictions.transform.LayerNorm.weight', 'cls.predictions.transform.LayerNorm.bias']
HBox(children=(HTML(value='Epoch'), FloatProgress(value=0.0, max=3.0), HTML(value='')))
<======================Epoch {_} ======================>

Traceback (most recent call last):
  File "train_text2emotion.py", line 212, in <module>
    main()
  File "train_text2emotion.py", line 122, in main
    outputs = model(b_input_ids, token_type_ids=None, attention_mask=b_input_mask, labels=b_labels.long())
  File "/home/u00461/.local/lib/python3.5/site-packages/torch/nn/modules/module.py", line 550, in __call__
    result = self.forward(*input, **kwargs)
  File "/home/u00461/.local/lib/python3.5/site-packages/transformers/modeling_bert.py", line 1176, in forward
    inputs_embeds=inputs_embeds,
  File "/home/u00461/.local/lib/python3.5/site-packages/torch/nn/modules/module.py", line 550, in __call__
    result = self.forward(*input, **kwargs)
  File "/home/u00461/.local/lib/python3.5/site-packages/transformers/modeling_bert.py", line 790, in forward
    encoder_attention_mask=encoder_extended_attention_mask,
  File "/home/u00461/.local/lib/python3.5/site-packages/torch/nn/modules/module.py", line 550, in __call__
    result = self.forward(*input, **kwargs)
  File "/home/u00461/.local/lib/python3.5/site-packages/transformers/modeling_bert.py", line 407, in forward
    hidden_states, attention_mask, head_mask[i], encoder_hidden_states, encoder_attention_mask
  File "/home/u00461/.local/lib/python3.5/site-packages/torch/nn/modules/module.py", line 550, in __call__
    result = self.forward(*input, **kwargs)
  File "/home/u00461/.local/lib/python3.5/site-packages/transformers/modeling_bert.py", line 379, in forward
    intermediate_output = self.intermediate(attention_output)
  File "/home/u00461/.local/lib/python3.5/site-packages/torch/nn/modules/module.py", line 550, in __call__
    result = self.forward(*input, **kwargs)
  File "/home/u00461/.local/lib/python3.5/site-packages/transformers/modeling_bert.py", line 331, in forward
    hidden_states = self.dense(hidden_states)
  File "/home/u00461/.local/lib/python3.5/site-packages/torch/nn/modules/module.py", line 550, in __call__
    result = self.forward(*input, **kwargs)
  File "/home/u00461/.local/lib/python3.5/site-packages/torch/nn/modules/linear.py", line 87, in forward
    return F.linear(input, self.weight, self.bias)
  File "/home/u00461/.local/lib/python3.5/site-packages/torch/nn/functional.py", line 1612, in linear
    output = input.matmul(weight.t())
RuntimeError: CUDA out of memory. Tried to allocate 128.00 MiB (GPU 0; 11.91 GiB total capacity; 11.14 GiB already allocated; 43.38 MiB free; 11.17 GiB reserved in total by PyTorch)
