# dataset2

I1115 09:36:18.130013 47602657479360 file_utils.py:41] PyTorch version 1.5.0+cu92 available.
I1115 09:36:35.724243 47602657479360 tokenization_utils.py:501] loading file https://s3.amazonaws.com/models.huggingface.co/bert/bert-base-uncased-vocab.txt from cache at /home/u00461/.cache/torch/transformers/26bc1ad6c0ac742e9b52263248f6d0f00068293b33709fae12320c0e35ccfbbb.542ce4285a40d23a559526243235df47c5f75c197f04f37d1a0c124c32c9a084
I1115 09:36:54.049798 47602657479360 configuration_utils.py:256] loading configuration file https://s3.amazonaws.com/models.huggingface.co/bert/bert-base-uncased-config.json from cache at /home/u00461/.cache/torch/transformers/4dad0251492946e18ac39290fcfe91b89d370fee250efe9521476438fe8ca185.7156163d5fdc189c3016baca0775ffce230789d7fa2a42ef516483e4ca884517
I1115 09:36:54.052169 47602657479360 configuration_utils.py:292] Model config BertConfig {
  "architectures": [
    "BertForMaskedLM"
  ],
  "attention_probs_dropout_prob": 0.1,
  "bos_token_id": null,
  "do_sample": false,
  "eos_token_ids": null,
  "finetuning_task": null,
  "hidden_act": "gelu",
  "hidden_dropout_prob": 0.1,
  "hidden_size": 768,
  "id2label": {
    "0": "LABEL_0",
    "1": "LABEL_1"
  },
  "initializer_range": 0.02,
  "intermediate_size": 3072,
  "is_decoder": false,
  "label2id": {
    "LABEL_0": 0,
    "LABEL_1": 1
  },
  "layer_norm_eps": 1e-12,
  "length_penalty": 1.0,
  "max_length": 20,
  "max_position_embeddings": 512,
  "model_type": "bert",
  "num_attention_heads": 12,
  "num_beams": 1,
  "num_hidden_layers": 12,
  "num_labels": 7,
  "num_return_sequences": 1,
  "output_attentions": false,
  "output_hidden_states": false,
  "output_past": true,
  "pad_token_id": 0,
  "pruned_heads": {},
  "repetition_penalty": 1.0,
  "temperature": 1.0,
  "top_k": 50,
  "top_p": 1.0,
  "torchscript": false,
  "type_vocab_size": 2,
  "use_bfloat16": false,
  "vocab_size": 30522
}

I1115 09:36:54.762548 47602657479360 modeling_utils.py:461] loading weights file https://s3.amazonaws.com/models.huggingface.co/bert/bert-base-uncased-pytorch_model.bin from cache at /home/u00461/.cache/torch/transformers/aa1ef1aede4482d0dbcd4d52baad8ae300e60902e88fcb0bebdec09afd232066.36ca03ab34a1a5d5fa7bc3d03d55c4fa650fed07220e2eeebc06ce58d0e9a157
I1115 09:37:00.290920 47602657479360 modeling_utils.py:546] Weights of BertForSequenceClassification not initialized from pretrained model: ['classifier.bias', 'classifier.weight']
I1115 09:37:00.291259 47602657479360 modeling_utils.py:552] Weights from pretrained model not used in BertForSequenceClassification: ['cls.predictions.bias', 'cls.predictions.transform.dense.weight', 'cls.predictions.transform.dense.bias', 'cls.predictions.decoder.weight', 'cls.seq_relationship.weight', 'cls.seq_relationship.bias', 'cls.predictions.transform.LayerNorm.weight', 'cls.predictions.transform.LayerNorm.bias']
/pytorch/torch/csrc/utils/python_arg_parser.cpp:756: UserWarning: This overload of add_ is deprecated:
	add_(Number alpha, Tensor other)
Consider using one of the following signatures instead:
	add_(Tensor other, *, Number alpha)
I1115 09:44:23.476207 47602657479360 configuration_utils.py:118] Configuration saved in working/model/config.json
I1115 09:44:23.821699 47602657479360 modeling_utils.py:298] Model weights saved in working/model/pytorch_model.bin
I1115 09:51:53.877271 47602657479360 configuration_utils.py:118] Configuration saved in working/model/config.json
I1115 09:51:54.196586 47602657479360 modeling_utils.py:298] Model weights saved in working/model/pytorch_model.bin
I1115 09:59:24.010178 47602657479360 configuration_utils.py:118] Configuration saved in working/model/config.json
I1115 09:59:24.348349 47602657479360 modeling_utils.py:298] Model weights saved in working/model/pytorch_model.bin
HBox(children=(HTML(value='Epoch'), FloatProgress(value=0.0, max=3.0), HTML(value='')))
<======================Epoch {_} ======================>

	Current Learning rate:  1.3333333333333333e-05

	Average Training loss:  0.3957109892174523

	Validation Accuracy:  0.9342912946428571

	Validation MCC Accuracy:  0.9152144505381771
<======================Epoch {_} ======================>

	Current Learning rate:  6.666666666666667e-06

	Average Training loss:  0.12244562962401809

	Validation Accuracy:  0.94140625

	Validation MCC Accuracy:  0.9232775493266413
<======================Epoch {_} ======================>

	Current Learning rate:  0.0

	Average Training loss:  0.08233190122959065

	Validation Accuracy:  0.94287109375

	Validation MCC Accuracy:  0.9253015414394916

finish!
