＃dataset5
# epoch 3, wormup 30, sche cos&restar&wu

I1116 16:25:24.756092 47777020840640 file_utils.py:41] PyTorch version 1.5.0+cu92 available.
I1116 16:25:58.477277 47777020840640 tokenization_utils.py:501] loading file https://s3.amazonaws.com/models.huggingface.co/bert/bert-base-uncased-vocab.txt from cache at /home/u00461/.cache/torch/transformers/26bc1ad6c0ac742e9b52263248f6d0f00068293b33709fae12320c0e35ccfbbb.542ce4285a40d23a559526243235df47c5f75c197f04f37d1a0c124c32c9a084
I1116 16:26:16.340215 47777020840640 configuration_utils.py:256] loading configuration file https://s3.amazonaws.com/models.huggingface.co/bert/bert-base-uncased-config.json from cache at /home/u00461/.cache/torch/transformers/4dad0251492946e18ac39290fcfe91b89d370fee250efe9521476438fe8ca185.7156163d5fdc189c3016baca0775ffce230789d7fa2a42ef516483e4ca884517
I1116 16:26:16.341596 47777020840640 configuration_utils.py:292] Model config BertConfig {
  "architectures": [
    "BertForMaskedLM"
  ],
  "attention_probs_dropout_prob": 0.1,
  "bos_token_id": null,
  "do_sample": false,
  "eos_token_ids": null,
  "finetuning_task": null,
  "hidden_act": "gelu",
  "hidden_dropout_prob": 0.1,
  "hidden_size": 768,
  "id2label": {
    "0": "LABEL_0",
    "1": "LABEL_1"
  },
  "initializer_range": 0.02,
  "intermediate_size": 3072,
  "is_decoder": false,
  "label2id": {
    "LABEL_0": 0,
    "LABEL_1": 1
  },
  "layer_norm_eps": 1e-12,
  "length_penalty": 1.0,
  "max_length": 20,
  "max_position_embeddings": 512,
  "model_type": "bert",
  "num_attention_heads": 12,
  "num_beams": 1,
  "num_hidden_layers": 12,
  "num_labels": 7,
  "num_return_sequences": 1,
  "output_attentions": false,
  "output_hidden_states": false,
  "output_past": true,
  "pad_token_id": 0,
  "pruned_heads": {},
  "repetition_penalty": 1.0,
  "temperature": 1.0,
  "top_k": 50,
  "top_p": 1.0,
  "torchscript": false,
  "type_vocab_size": 2,
  "use_bfloat16": false,
  "vocab_size": 30522
}

I1116 16:26:17.122451 47777020840640 modeling_utils.py:461] loading weights file https://s3.amazonaws.com/models.huggingface.co/bert/bert-base-uncased-pytorch_model.bin from cache at /home/u00461/.cache/torch/transformers/aa1ef1aede4482d0dbcd4d52baad8ae300e60902e88fcb0bebdec09afd232066.36ca03ab34a1a5d5fa7bc3d03d55c4fa650fed07220e2eeebc06ce58d0e9a157
I1116 16:26:22.907034 47777020840640 modeling_utils.py:546] Weights of BertForSequenceClassification not initialized from pretrained model: ['classifier.weight', 'classifier.bias']
I1116 16:26:22.907361 47777020840640 modeling_utils.py:552] Weights from pretrained model not used in BertForSequenceClassification: ['cls.predictions.bias', 'cls.predictions.transform.dense.weight', 'cls.predictions.transform.dense.bias', 'cls.predictions.decoder.weight', 'cls.seq_relationship.weight', 'cls.seq_relationship.bias', 'cls.predictions.transform.LayerNorm.weight', 'cls.predictions.transform.LayerNorm.bias']
/pytorch/torch/csrc/utils/python_arg_parser.cpp:756: UserWarning: This overload of add_ is deprecated:
	add_(Number alpha, Tensor other)
Consider using one of the following signatures instead:
	add_(Tensor other, *, Number alpha)
I1116 16:33:47.957491 47777020840640 configuration_utils.py:118] Configuration saved in working/model/config.json
I1116 16:33:48.687654 47777020840640 modeling_utils.py:298] Model weights saved in working/model/pytorch_model.bin
/home/u00461/.local/lib/python3.5/site-packages/sklearn/metrics/_classification.py:1272: UndefinedMetricWarning: Precision and F-score are ill-defined and being set to 0.0 in labels with no predicted samples. Use `zero_division` parameter to control this behavior.
  _warn_prf(average, modifier, msg_start, len(result))
/home/u00461/.local/lib/python3.5/site-packages/sklearn/metrics/_classification.py:1272: UndefinedMetricWarning: Recall and F-score are ill-defined and being set to 0.0 in labels with no true samples. Use `zero_division` parameter to control this behavior.
  _warn_prf(average, modifier, msg_start, len(result))
I1116 16:41:19.415355 47777020840640 configuration_utils.py:118] Configuration saved in working/model/config.json
I1116 16:41:20.557503 47777020840640 modeling_utils.py:298] Model weights saved in working/model/pytorch_model.bin
I1116 16:48:49.256326 47777020840640 configuration_utils.py:118] Configuration saved in working/model/config.json
I1116 16:48:49.601890 47777020840640 modeling_utils.py:298] Model weights saved in working/model/pytorch_model.bin
HBox(children=(HTML(value='Epoch'), FloatProgress(value=0.0, max=3.0), HTML(value='')))
<======================Epoch {_} ======================>

	Current Learning rate:  6.310283083586499e-08

	Average Training loss:  0.41750110438345606

	Validation Accuracy:  0.9293387276785714

	Validation MCC Accuracy:  0.9066473933251612
              precision    recall  f1-score   support

       anger   0.000000  0.000000  0.000000         1
        fear   0.500000  1.000000  0.666667         1
         joy   0.500000  0.500000  0.500000         2
        love   0.666667  0.666667  0.666667         3
     neutral   0.000000  0.000000  0.000000         0
     sadness   0.000000  0.000000  0.000000         0
    surprise   0.000000  0.000000  0.000000         0

   micro avg   0.571429  0.571429  0.571429         7
   macro avg   0.238095  0.309524  0.261905         7
weighted avg   0.500000  0.571429  0.523810         7

<======================Epoch {_} ======================>

	Current Learning rate:  1.578817102618424e-08

	Average Training loss:  0.14525816559477306

	Validation Accuracy:  0.93701171875

	Validation MCC Accuracy:  0.9175785422561974
              precision    recall  f1-score   support

       anger   1.000000  1.000000  1.000000         2
        fear   1.000000  1.000000  1.000000         1
         joy   1.000000  1.000000  1.000000         4
        love   0.000000  0.000000  0.000000         0
     neutral   0.000000  0.000000  0.000000         0
     sadness   0.000000  0.000000  0.000000         0
    surprise   0.000000  0.000000  0.000000         0

   micro avg   1.000000  1.000000  1.000000         7
   macro avg   0.428571  0.428571  0.428571         7
weighted avg   1.000000  1.000000  1.000000         7

<======================Epoch {_} ======================>

	Current Learning rate:  0.0

	Average Training loss:  0.11012733512294523

	Validation Accuracy:  0.93798828125

	Validation MCC Accuracy:  0.9184500071511562
              precision    recall  f1-score   support

       anger   1.000000  1.000000  1.000000         1
        fear   0.000000  0.000000  0.000000         0
         joy   1.000000  1.000000  1.000000         3
        love   1.000000  1.000000  1.000000         2
     neutral   0.000000  0.000000  0.000000         0
     sadness   1.000000  1.000000  1.000000         1
    surprise   0.000000  0.000000  0.000000         0

   micro avg   1.000000  1.000000  1.000000         7
   macro avg   0.571429  0.571429  0.571429         7
weighted avg   1.000000  1.000000  1.000000         7


finish!
