# scheduler;warpup = 50
# warmup50

I1115 15:38:53.075329 47736914672320 file_utils.py:41] PyTorch version 1.5.0+cu92 available.
I1115 15:39:18.267676 47736914672320 tokenization_utils.py:501] loading file https://s3.amazonaws.com/models.huggingface.co/bert/bert-base-uncased-vocab.txt from cache at /home/u00461/.cache/torch/transformers/26bc1ad6c0ac742e9b52263248f6d0f00068293b33709fae12320c0e35ccfbbb.542ce4285a40d23a559526243235df47c5f75c197f04f37d1a0c124c32c9a084
I1115 15:39:35.168121 47736914672320 configuration_utils.py:256] loading configuration file https://s3.amazonaws.com/models.huggingface.co/bert/bert-base-uncased-config.json from cache at /home/u00461/.cache/torch/transformers/4dad0251492946e18ac39290fcfe91b89d370fee250efe9521476438fe8ca185.7156163d5fdc189c3016baca0775ffce230789d7fa2a42ef516483e4ca884517
I1115 15:39:35.169396 47736914672320 configuration_utils.py:292] Model config BertConfig {
  "architectures": [
    "BertForMaskedLM"
  ],
  "attention_probs_dropout_prob": 0.1,
  "bos_token_id": null,
  "do_sample": false,
  "eos_token_ids": null,
  "finetuning_task": null,
  "hidden_act": "gelu",
  "hidden_dropout_prob": 0.1,
  "hidden_size": 768,
  "id2label": {
    "0": "LABEL_0",
    "1": "LABEL_1"
  },
  "initializer_range": 0.02,
  "intermediate_size": 3072,
  "is_decoder": false,
  "label2id": {
    "LABEL_0": 0,
    "LABEL_1": 1
  },
  "layer_norm_eps": 1e-12,
  "length_penalty": 1.0,
  "max_length": 20,
  "max_position_embeddings": 512,
  "model_type": "bert",
  "num_attention_heads": 12,
  "num_beams": 1,
  "num_hidden_layers": 12,
  "num_labels": 6,
  "num_return_sequences": 1,
  "output_attentions": false,
  "output_hidden_states": false,
  "output_past": true,
  "pad_token_id": 0,
  "pruned_heads": {},
  "repetition_penalty": 1.0,
  "temperature": 1.0,
  "top_k": 50,
  "top_p": 1.0,
  "torchscript": false,
  "type_vocab_size": 2,
  "use_bfloat16": false,
  "vocab_size": 30522
}

I1115 15:39:35.894638 47736914672320 modeling_utils.py:461] loading weights file https://s3.amazonaws.com/models.huggingface.co/bert/bert-base-uncased-pytorch_model.bin from cache at /home/u00461/.cache/torch/transformers/aa1ef1aede4482d0dbcd4d52baad8ae300e60902e88fcb0bebdec09afd232066.36ca03ab34a1a5d5fa7bc3d03d55c4fa650fed07220e2eeebc06ce58d0e9a157
I1115 15:39:40.817862 47736914672320 modeling_utils.py:546] Weights of BertForSequenceClassification not initialized from pretrained model: ['classifier.weight', 'classifier.bias']
I1115 15:39:40.818137 47736914672320 modeling_utils.py:552] Weights from pretrained model not used in BertForSequenceClassification: ['cls.predictions.bias', 'cls.predictions.transform.dense.weight', 'cls.predictions.transform.dense.bias', 'cls.predictions.decoder.weight', 'cls.seq_relationship.weight', 'cls.seq_relationship.bias', 'cls.predictions.transform.LayerNorm.weight', 'cls.predictions.transform.LayerNorm.bias']
/pytorch/torch/csrc/utils/python_arg_parser.cpp:756: UserWarning: This overload of add_ is deprecated:
	add_(Number alpha, Tensor other)
Consider using one of the following signatures instead:
	add_(Tensor other, *, Number alpha)
I1115 15:46:53.810748 47736914672320 configuration_utils.py:118] Configuration saved in working2/model/config.json
I1115 15:46:54.297492 47736914672320 modeling_utils.py:298] Model weights saved in working2/model/pytorch_model.bin
I1115 15:54:14.944697 47736914672320 configuration_utils.py:118] Configuration saved in working2/model/config.json
I1115 15:54:15.333128 47736914672320 modeling_utils.py:298] Model weights saved in working2/model/pytorch_model.bin
/home/u00461/.local/lib/python3.5/site-packages/sklearn/metrics/_classification.py:1272: UndefinedMetricWarning: Precision and F-score are ill-defined and being set to 0.0 in labels with no predicted samples. Use `zero_division` parameter to control this behavior.
  _warn_prf(average, modifier, msg_start, len(result))
/home/u00461/.local/lib/python3.5/site-packages/sklearn/metrics/_classification.py:1272: UndefinedMetricWarning: Recall and F-score are ill-defined and being set to 0.0 in labels with no true samples. Use `zero_division` parameter to control this behavior.
  _warn_prf(average, modifier, msg_start, len(result))
I1115 16:01:34.274524 47736914672320 configuration_utils.py:118] Configuration saved in working2/model/config.json
I1115 16:01:34.611785 47736914672320 modeling_utils.py:298] Model weights saved in working2/model/pytorch_model.bin
HBox(children=(HTML(value='Epoch'), FloatProgress(value=0.0, max=3.0), HTML(value='')))
<======================Epoch {_} ======================>

	Current Learning rate:  1.3740085417937767e-05

	Average Training loss:  0.42655447814249653

	Validation Accuracy:  0.9255952380952381

	Validation MCC Accuracy:  0.904160682675573
              precision    recall  f1-score   support

       anger   1.000000  1.000000  1.000000         1
        fear   1.000000  1.000000  1.000000         1
         joy   1.000000  0.875000  0.933333         8
        love   0.500000  1.000000  0.666667         1
     sadness   1.000000  1.000000  1.000000         4
    surprise   1.000000  1.000000  1.000000         1

    accuracy                       0.937500        16
   macro avg   0.916667  0.979167  0.933333        16
weighted avg   0.968750  0.937500  0.945833        16

<======================Epoch {_} ======================>

	Current Learning rate:  6.8700427089688835e-06

	Average Training loss:  0.11736757832961438

	Validation Accuracy:  0.9370039682539683

	Validation MCC Accuracy:  0.9179886317778463
              precision    recall  f1-score   support

       anger   0.333333  1.000000  0.500000         1
        fear   1.000000  0.500000  0.666667         2
         joy   1.000000  1.000000  1.000000         7
        love   1.000000  1.000000  1.000000         3
     sadness   1.000000  0.666667  0.800000         3
    surprise   0.000000  0.000000  0.000000         0

   micro avg   0.875000  0.875000  0.875000        16
   macro avg   0.722222  0.694444  0.661111        16
weighted avg   0.958333  0.875000  0.889583        16

<======================Epoch {_} ======================>

	Current Learning rate:  0.0

	Average Training loss:  0.08114308171755044

	Validation Accuracy:  0.935515873015873

	Validation MCC Accuracy:  0.9159387804357433
              precision    recall  f1-score   support

       anger   0.500000  1.000000  0.666667         2
        fear   1.000000  0.666667  0.800000         3
         joy   1.000000  0.833333  0.909091         6
        love   0.000000  0.000000  0.000000         0
     sadness   1.000000  0.750000  0.857143         4
    surprise   1.000000  1.000000  1.000000         1

    accuracy                       0.812500        16
   macro avg   0.750000  0.708333  0.705483        16
weighted avg   0.937500  0.812500  0.851028        16


train finished
